{"name":"Log","hostname":"27ec6c04809f","pid":1,"level":30,"version":"5.88.1","msg":"Ghost is running in production...","time":"2024-07-25T03:51:16.570Z","v":0}
{"name":"Log","hostname":"27ec6c04809f","pid":1,"level":30,"version":"5.88.1","msg":"Your site is now available on https://192.168.22.96/","time":"2024-07-25T03:51:16.572Z","v":0}
{"name":"Log","hostname":"27ec6c04809f","pid":1,"level":30,"version":"5.88.1","msg":"Ctrl+C to shut down","time":"2024-07-25T03:51:16.573Z","v":0}
{"name":"Log","hostname":"27ec6c04809f","pid":1,"level":30,"version":"5.88.1","msg":"Ghost server started in 1.298s","time":"2024-07-25T03:51:16.574Z","v":0}
{"name":"Log","hostname":"27ec6c04809f","pid":1,"level":50,"version":"5.88.1","err":{"id":500,"domain":"https://192.168.22.96","code":"ECONNREFUSED","name":"DatabaseError","statusCode":500,"level":"critical","message":"connect ECONNREFUSED 172.20.0.3:3306","help":"\"Unknown database error\"","stack":"Error: connect ECONNREFUSED 172.20.0.3:3306\n    at /var/lib/ghost/versions/5.88.1/node_modules/knex-migrator/lib/database.js:57:19\n    at TCPConnectWrap.afterConnect [as oncomplete] (node:net:1555:16)","hideStack":false},"msg":"connect ECONNREFUSED 172.20.0.3:3306","time":"2024-07-25T03:51:16.835Z","v":0}
{"name":"Log","hostname":"27ec6c04809f","pid":1,"level":40,"version":"5.88.1","msg":"Ghost is shutting down","time":"2024-07-25T03:51:16.836Z","v":0}
{"name":"Log","hostname":"27ec6c04809f","pid":1,"level":40,"version":"5.88.1","msg":"Ghost has shut down","time":"2024-07-25T03:51:16.837Z","v":0}
{"name":"Log","hostname":"27ec6c04809f","pid":1,"level":40,"version":"5.88.1","msg":"Your site is now offline","time":"2024-07-25T03:51:16.837Z","v":0}
{"name":"Log","hostname":"27ec6c04809f","pid":1,"level":40,"version":"5.88.1","msg":"Ghost was running for a few seconds","time":"2024-07-25T03:51:16.838Z","v":0}
{"name":"Log","hostname":"27ec6c04809f","pid":1,"level":30,"version":"5.88.1","msg":"Ghost is running in production...","time":"2024-07-25T03:51:17.778Z","v":0}
{"name":"Log","hostname":"27ec6c04809f","pid":1,"level":30,"version":"5.88.1","msg":"Your site is now available on https://192.168.22.96/","time":"2024-07-25T03:51:17.779Z","v":0}
{"name":"Log","hostname":"27ec6c04809f","pid":1,"level":30,"version":"5.88.1","msg":"Ctrl+C to shut down","time":"2024-07-25T03:51:17.780Z","v":0}
{"name":"Log","hostname":"27ec6c04809f","pid":1,"level":30,"version":"5.88.1","msg":"Ghost server started in 0.414s","time":"2024-07-25T03:51:17.781Z","v":0}
{"name":"Log","hostname":"27ec6c04809f","pid":1,"level":50,"version":"5.88.1","err":{"id":500,"domain":"https://192.168.22.96","code":"ECONNREFUSED","name":"DatabaseError","statusCode":500,"level":"critical","message":"connect ECONNREFUSED 172.20.0.3:3306","help":"\"Unknown database error\"","stack":"Error: connect ECONNREFUSED 172.20.0.3:3306\n    at /var/lib/ghost/versions/5.88.1/node_modules/knex-migrator/lib/database.js:57:19\n    at TCPConnectWrap.afterConnect [as oncomplete] (node:net:1555:16)","hideStack":false},"msg":"connect ECONNREFUSED 172.20.0.3:3306","time":"2024-07-25T03:51:17.878Z","v":0}
{"name":"Log","hostname":"27ec6c04809f","pid":1,"level":40,"version":"5.88.1","msg":"Ghost is shutting down","time":"2024-07-25T03:51:17.883Z","v":0}
{"name":"Log","hostname":"27ec6c04809f","pid":1,"level":40,"version":"5.88.1","msg":"Ghost has shut down","time":"2024-07-25T03:51:17.885Z","v":0}
{"name":"Log","hostname":"27ec6c04809f","pid":1,"level":40,"version":"5.88.1","msg":"Your site is now offline","time":"2024-07-25T03:51:17.885Z","v":0}
{"name":"Log","hostname":"27ec6c04809f","pid":1,"level":40,"version":"5.88.1","msg":"Ghost was running for a few seconds","time":"2024-07-25T03:51:17.887Z","v":0}
{"name":"Log","hostname":"27ec6c04809f","pid":1,"level":30,"version":"5.88.1","msg":"Ghost is running in production...","time":"2024-07-25T03:51:18.833Z","v":0}
{"name":"Log","hostname":"27ec6c04809f","pid":1,"level":30,"version":"5.88.1","msg":"Your site is now available on https://192.168.22.96/","time":"2024-07-25T03:51:18.835Z","v":0}
{"name":"Log","hostname":"27ec6c04809f","pid":1,"level":30,"version":"5.88.1","msg":"Ctrl+C to shut down","time":"2024-07-25T03:51:18.835Z","v":0}
{"name":"Log","hostname":"27ec6c04809f","pid":1,"level":30,"version":"5.88.1","msg":"Ghost server started in 0.343s","time":"2024-07-25T03:51:18.836Z","v":0}
{"name":"Log","hostname":"27ec6c04809f","pid":1,"level":50,"version":"5.88.1","err":{"id":500,"domain":"https://192.168.22.96","code":"ECONNREFUSED","name":"DatabaseError","statusCode":500,"level":"critical","message":"connect ECONNREFUSED 172.20.0.3:3306","help":"\"Unknown database error\"","stack":"Error: connect ECONNREFUSED 172.20.0.3:3306\n    at /var/lib/ghost/versions/5.88.1/node_modules/knex-migrator/lib/database.js:57:19\n    at TCPConnectWrap.afterConnect [as oncomplete] (node:net:1555:16)","hideStack":false},"msg":"connect ECONNREFUSED 172.20.0.3:3306","time":"2024-07-25T03:51:18.915Z","v":0}
{"name":"Log","hostname":"27ec6c04809f","pid":1,"level":40,"version":"5.88.1","msg":"Ghost is shutting down","time":"2024-07-25T03:51:18.915Z","v":0}
{"name":"Log","hostname":"27ec6c04809f","pid":1,"level":40,"version":"5.88.1","msg":"Ghost has shut down","time":"2024-07-25T03:51:18.916Z","v":0}
{"name":"Log","hostname":"27ec6c04809f","pid":1,"level":40,"version":"5.88.1","msg":"Your site is now offline","time":"2024-07-25T03:51:18.921Z","v":0}
{"name":"Log","hostname":"27ec6c04809f","pid":1,"level":40,"version":"5.88.1","msg":"Ghost was running for a few seconds","time":"2024-07-25T03:51:18.922Z","v":0}
{"name":"Log","hostname":"27ec6c04809f","pid":1,"level":30,"version":"5.88.1","msg":"Ghost is running in production...","time":"2024-07-25T03:51:20.148Z","v":0}
{"name":"Log","hostname":"27ec6c04809f","pid":1,"level":30,"version":"5.88.1","msg":"Your site is now available on https://192.168.22.96/","time":"2024-07-25T03:51:20.149Z","v":0}
{"name":"Log","hostname":"27ec6c04809f","pid":1,"level":30,"version":"5.88.1","msg":"Ctrl+C to shut down","time":"2024-07-25T03:51:20.149Z","v":0}
{"name":"Log","hostname":"27ec6c04809f","pid":1,"level":30,"version":"5.88.1","msg":"Ghost server started in 0.422s","time":"2024-07-25T03:51:20.150Z","v":0}
{"name":"Log","hostname":"27ec6c04809f","pid":1,"level":50,"version":"5.88.1","err":{"id":500,"domain":"https://192.168.22.96","code":"ECONNREFUSED","name":"DatabaseError","statusCode":500,"level":"critical","message":"connect ECONNREFUSED 172.20.0.3:3306","help":"\"Unknown database error\"","stack":"Error: connect ECONNREFUSED 172.20.0.3:3306\n    at /var/lib/ghost/versions/5.88.1/node_modules/knex-migrator/lib/database.js:57:19\n    at TCPConnectWrap.afterConnect [as oncomplete] (node:net:1555:16)","hideStack":false},"msg":"connect ECONNREFUSED 172.20.0.3:3306","time":"2024-07-25T03:51:20.250Z","v":0}
{"name":"Log","hostname":"27ec6c04809f","pid":1,"level":40,"version":"5.88.1","msg":"Ghost is shutting down","time":"2024-07-25T03:51:20.251Z","v":0}
{"name":"Log","hostname":"27ec6c04809f","pid":1,"level":40,"version":"5.88.1","msg":"Ghost has shut down","time":"2024-07-25T03:51:20.252Z","v":0}
{"name":"Log","hostname":"27ec6c04809f","pid":1,"level":40,"version":"5.88.1","msg":"Your site is now offline","time":"2024-07-25T03:51:20.256Z","v":0}
{"name":"Log","hostname":"27ec6c04809f","pid":1,"level":40,"version":"5.88.1","msg":"Ghost was running for a few seconds","time":"2024-07-25T03:51:20.257Z","v":0}
{"name":"Log","hostname":"27ec6c04809f","pid":1,"level":30,"version":"5.88.1","msg":"Ghost is running in production...","time":"2024-07-25T03:51:21.806Z","v":0}
{"name":"Log","hostname":"27ec6c04809f","pid":1,"level":30,"version":"5.88.1","msg":"Your site is now available on https://192.168.22.96/","time":"2024-07-25T03:51:21.808Z","v":0}
{"name":"Log","hostname":"27ec6c04809f","pid":1,"level":30,"version":"5.88.1","msg":"Ctrl+C to shut down","time":"2024-07-25T03:51:21.808Z","v":0}
{"name":"Log","hostname":"27ec6c04809f","pid":1,"level":30,"version":"5.88.1","msg":"Ghost server started in 0.369s","time":"2024-07-25T03:51:21.809Z","v":0}
{"name":"Log","hostname":"27ec6c04809f","pid":1,"level":50,"version":"5.88.1","err":{"id":500,"domain":"https://192.168.22.96","code":"ECONNREFUSED","name":"DatabaseError","statusCode":500,"level":"critical","message":"connect ECONNREFUSED 172.20.0.3:3306","help":"\"Unknown database error\"","stack":"Error: connect ECONNREFUSED 172.20.0.3:3306\n    at /var/lib/ghost/versions/5.88.1/node_modules/knex-migrator/lib/database.js:57:19\n    at TCPConnectWrap.afterConnect [as oncomplete] (node:net:1555:16)","hideStack":false},"msg":"connect ECONNREFUSED 172.20.0.3:3306","time":"2024-07-25T03:51:21.899Z","v":0}
{"name":"Log","hostname":"27ec6c04809f","pid":1,"level":40,"version":"5.88.1","msg":"Ghost is shutting down","time":"2024-07-25T03:51:21.900Z","v":0}
{"name":"Log","hostname":"27ec6c04809f","pid":1,"level":40,"version":"5.88.1","msg":"Ghost has shut down","time":"2024-07-25T03:51:21.901Z","v":0}
{"name":"Log","hostname":"27ec6c04809f","pid":1,"level":40,"version":"5.88.1","msg":"Your site is now offline","time":"2024-07-25T03:51:21.905Z","v":0}
{"name":"Log","hostname":"27ec6c04809f","pid":1,"level":40,"version":"5.88.1","msg":"Ghost was running for a few seconds","time":"2024-07-25T03:51:21.907Z","v":0}
{"name":"Log","hostname":"27ec6c04809f","pid":1,"level":30,"version":"5.88.1","msg":"Ghost is running in production...","time":"2024-07-25T03:51:24.228Z","v":0}
{"name":"Log","hostname":"27ec6c04809f","pid":1,"level":30,"version":"5.88.1","msg":"Your site is now available on https://192.168.22.96/","time":"2024-07-25T03:51:24.229Z","v":0}
{"name":"Log","hostname":"27ec6c04809f","pid":1,"level":30,"version":"5.88.1","msg":"Ctrl+C to shut down","time":"2024-07-25T03:51:24.229Z","v":0}
{"name":"Log","hostname":"27ec6c04809f","pid":1,"level":30,"version":"5.88.1","msg":"Ghost server started in 0.325s","time":"2024-07-25T03:51:24.230Z","v":0}
{"name":"Log","hostname":"27ec6c04809f","pid":1,"level":40,"version":"5.88.1","msg":"Database state requires initialisation.","time":"2024-07-25T03:51:24.382Z","v":0}
{"name":"Log","hostname":"27ec6c04809f","pid":1,"level":30,"version":"5.88.1","msg":"Creating table: newsletters","time":"2024-07-25T03:51:25.156Z","v":0}
{"name":"Log","hostname":"27ec6c04809f","pid":1,"level":30,"version":"5.88.1","msg":"Creating table: posts","time":"2024-07-25T03:51:25.276Z","v":0}
{"name":"Log","hostname":"27ec6c04809f","pid":1,"level":30,"version":"5.88.1","msg":"Creating table: posts_meta","time":"2024-07-25T03:51:25.383Z","v":0}
{"name":"Log","hostname":"27ec6c04809f","pid":1,"level":30,"version":"5.88.1","msg":"Creating table: users","time":"2024-07-25T03:51:25.437Z","v":0}
{"name":"Log","hostname":"27ec6c04809f","pid":1,"level":30,"version":"5.88.1","msg":"Creating table: posts_authors","time":"2024-07-25T03:51:25.465Z","v":0}
{"name":"Log","hostname":"27ec6c04809f","pid":1,"level":30,"version":"5.88.1","msg":"Creating table: roles","time":"2024-07-25T03:51:25.523Z","v":0}
{"name":"Log","hostname":"27ec6c04809f","pid":1,"level":30,"version":"5.88.1","msg":"Creating table: roles_users","time":"2024-07-25T03:51:25.543Z","v":0}
{"name":"Log","hostname":"27ec6c04809f","pid":1,"level":30,"version":"5.88.1","msg":"Creating table: permissions","time":"2024-07-25T03:51:25.556Z","v":0}
{"name":"Log","hostname":"27ec6c04809f","pid":1,"level":30,"version":"5.88.1","msg":"Creating table: permissions_users","time":"2024-07-25T03:51:25.580Z","v":0}
{"name":"Log","hostname":"27ec6c04809f","pid":1,"level":30,"version":"5.88.1","msg":"Creating table: permissions_roles","time":"2024-07-25T03:51:25.591Z","v":0}
{"name":"Log","hostname":"27ec6c04809f","pid":1,"level":30,"version":"5.88.1","msg":"Creating table: settings","time":"2024-07-25T03:51:25.602Z","v":0}
{"name":"Log","hostname":"27ec6c04809f","pid":1,"level":30,"version":"5.88.1","msg":"Creating table: tags","time":"2024-07-25T03:51:25.619Z","v":0}
{"name":"Log","hostname":"27ec6c04809f","pid":1,"level":30,"version":"5.88.1","msg":"Creating table: posts_tags","time":"2024-07-25T03:51:25.642Z","v":0}
{"name":"Log","hostname":"27ec6c04809f","pid":1,"level":30,"version":"5.88.1","msg":"Creating table: invites","time":"2024-07-25T03:51:25.721Z","v":0}
{"name":"Log","hostname":"27ec6c04809f","pid":1,"level":30,"version":"5.88.1","msg":"Creating table: brute","time":"2024-07-25T03:51:25.748Z","v":0}
{"name":"Log","hostname":"27ec6c04809f","pid":1,"level":30,"version":"5.88.1","msg":"Creating table: sessions","time":"2024-07-25T03:51:25.759Z","v":0}
{"name":"Log","hostname":"27ec6c04809f","pid":1,"level":30,"version":"5.88.1","msg":"Creating table: integrations","time":"2024-07-25T03:51:25.781Z","v":0}
{"name":"Log","hostname":"27ec6c04809f","pid":1,"level":30,"version":"5.88.1","msg":"Creating table: webhooks","time":"2024-07-25T03:51:25.802Z","v":0}
{"name":"Log","hostname":"27ec6c04809f","pid":1,"level":30,"version":"5.88.1","msg":"Creating table: api_keys","time":"2024-07-25T03:51:25.851Z","v":0}
{"name":"Log","hostname":"27ec6c04809f","pid":1,"level":30,"version":"5.88.1","msg":"Creating table: mobiledoc_revisions","time":"2024-07-25T03:51:25.869Z","v":0}
{"name":"Log","hostname":"27ec6c04809f","pid":1,"level":30,"version":"5.88.1","msg":"Creating table: post_revisions","time":"2024-07-25T03:51:25.889Z","v":0}
{"name":"Log","hostname":"27ec6c04809f","pid":1,"level":30,"version":"5.88.1","msg":"Creating table: members","time":"2024-07-25T03:51:25.938Z","v":0}
{"name":"Log","hostname":"27ec6c04809f","pid":1,"level":30,"version":"5.88.1","msg":"Creating table: products","time":"2024-07-25T03:51:26.002Z","v":0}
{"name":"Log","hostname":"27ec6c04809f","pid":1,"level":30,"version":"5.88.1","msg":"Creating table: offers","time":"2024-07-25T03:51:26.057Z","v":0}
{"name":"Log","hostname":"27ec6c04809f","pid":1,"level":30,"version":"5.88.1","msg":"Creating table: benefits","time":"2024-07-25T03:51:26.209Z","v":0}
{"name":"Log","hostname":"27ec6c04809f","pid":1,"level":30,"version":"5.88.1","msg":"Creating table: products_benefits","time":"2024-07-25T03:51:26.232Z","v":0}
{"name":"Log","hostname":"27ec6c04809f","pid":1,"level":30,"version":"5.88.1","msg":"Creating table: members_products","time":"2024-07-25T03:51:26.309Z","v":0}
{"name":"Log","hostname":"27ec6c04809f","pid":1,"level":30,"version":"5.88.1","msg":"Creating table: posts_products","time":"2024-07-25T03:51:26.376Z","v":0}
{"name":"Log","hostname":"27ec6c04809f","pid":1,"level":30,"version":"5.88.1","msg":"Creating table: members_created_events","time":"2024-07-25T03:51:26.444Z","v":0}
{"name":"Log","hostname":"27ec6c04809f","pid":1,"level":30,"version":"5.88.1","msg":"Creating table: members_cancel_events","time":"2024-07-25T03:51:26.592Z","v":0}
{"name":"Log","hostname":"27ec6c04809f","pid":1,"level":30,"version":"5.88.1","msg":"Creating table: members_payment_events","time":"2024-07-25T03:51:26.671Z","v":0}
{"name":"Log","hostname":"27ec6c04809f","pid":1,"level":30,"version":"5.88.1","msg":"Creating table: members_login_events","time":"2024-07-25T03:51:26.784Z","v":0}
{"name":"Log","hostname":"27ec6c04809f","pid":1,"level":30,"version":"5.88.1","msg":"Creating table: members_email_change_events","time":"2024-07-25T03:51:26.855Z","v":0}
{"name":"Log","hostname":"27ec6c04809f","pid":1,"level":30,"version":"5.88.1","msg":"Creating table: members_status_events","time":"2024-07-25T03:51:26.891Z","v":0}
{"name":"Log","hostname":"27ec6c04809f","pid":1,"level":30,"version":"5.88.1","msg":"Creating table: members_product_events","time":"2024-07-25T03:51:26.933Z","v":0}
{"name":"Log","hostname":"27ec6c04809f","pid":1,"level":30,"version":"5.88.1","msg":"Creating table: members_paid_subscription_events","time":"2024-07-25T03:51:27.021Z","v":0}
{"name":"Log","hostname":"27ec6c04809f","pid":1,"level":30,"version":"5.88.1","msg":"Creating table: labels","time":"2024-07-25T03:51:27.057Z","v":0}
{"name":"Log","hostname":"27ec6c04809f","pid":1,"level":30,"version":"5.88.1","msg":"Creating table: members_labels","time":"2024-07-25T03:51:27.099Z","v":0}
{"name":"Log","hostname":"27ec6c04809f","pid":1,"level":30,"version":"5.88.1","msg":"Creating table: members_stripe_customers","time":"2024-07-25T03:51:27.190Z","v":0}
{"name":"Log","hostname":"27ec6c04809f","pid":1,"level":30,"version":"5.88.1","msg":"Creating table: subscriptions","time":"2024-07-25T03:51:27.248Z","v":0}
{"name":"Log","hostname":"27ec6c04809f","pid":1,"level":30,"version":"5.88.1","msg":"Creating table: members_stripe_customers_subscriptions","time":"2024-07-25T03:51:27.369Z","v":0}
{"name":"Log","hostname":"27ec6c04809f","pid":1,"level":30,"version":"5.88.1","msg":"Creating table: members_subscription_created_events","time":"2024-07-25T03:51:27.489Z","v":0}
{"name":"Log","hostname":"27ec6c04809f","pid":1,"level":30,"version":"5.88.1","msg":"Creating table: offer_redemptions","time":"2024-07-25T03:51:27.561Z","v":0}
{"name":"Log","hostname":"27ec6c04809f","pid":1,"level":30,"version":"5.88.1","msg":"Creating table: members_subscribe_events","time":"2024-07-25T03:51:27.660Z","v":0}
{"name":"Log","hostname":"27ec6c04809f","pid":1,"level":30,"version":"5.88.1","msg":"Creating table: donation_payment_events","time":"2024-07-25T03:51:27.726Z","v":0}
{"name":"Log","hostname":"27ec6c04809f","pid":1,"level":30,"version":"5.88.1","msg":"Creating table: stripe_products","time":"2024-07-25T03:51:27.769Z","v":0}
{"name":"Log","hostname":"27ec6c04809f","pid":1,"level":30,"version":"5.88.1","msg":"Creating table: stripe_prices","time":"2024-07-25T03:51:27.844Z","v":0}
{"name":"Log","hostname":"27ec6c04809f","pid":1,"level":30,"version":"5.88.1","msg":"Creating table: actions","time":"2024-07-25T03:51:27.891Z","v":0}
{"name":"Log","hostname":"27ec6c04809f","pid":1,"level":30,"version":"5.88.1","msg":"Creating table: emails","time":"2024-07-25T03:51:27.902Z","v":0}
{"name":"Log","hostname":"27ec6c04809f","pid":1,"level":30,"version":"5.88.1","msg":"Creating table: email_batches","time":"2024-07-25T03:51:27.957Z","v":0}
{"name":"Log","hostname":"27ec6c04809f","pid":1,"level":30,"version":"5.88.1","msg":"Creating table: email_recipients","time":"2024-07-25T03:51:27.997Z","v":0}
{"name":"Log","hostname":"27ec6c04809f","pid":1,"level":30,"version":"5.88.1","msg":"Creating table: email_recipient_failures","time":"2024-07-25T03:51:28.150Z","v":0}
{"name":"Log","hostname":"27ec6c04809f","pid":1,"level":30,"version":"5.88.1","msg":"Creating table: tokens","time":"2024-07-25T03:51:28.244Z","v":0}
{"name":"Log","hostname":"27ec6c04809f","pid":1,"level":30,"version":"5.88.1","msg":"Creating table: snippets","time":"2024-07-25T03:51:28.269Z","v":0}
{"name":"Log","hostname":"27ec6c04809f","pid":1,"level":30,"version":"5.88.1","msg":"Creating table: custom_theme_settings","time":"2024-07-25T03:51:28.290Z","v":0}
{"name":"Log","hostname":"27ec6c04809f","pid":1,"level":30,"version":"5.88.1","msg":"Creating table: members_newsletters","time":"2024-07-25T03:51:28.301Z","v":0}
{"name":"Log","hostname":"27ec6c04809f","pid":1,"level":30,"version":"5.88.1","msg":"Creating table: comments","time":"2024-07-25T03:51:28.370Z","v":0}
{"name":"Log","hostname":"27ec6c04809f","pid":1,"level":30,"version":"5.88.1","msg":"Creating table: comment_likes","time":"2024-07-25T03:51:28.482Z","v":0}
{"name":"Log","hostname":"27ec6c04809f","pid":1,"level":30,"version":"5.88.1","msg":"Creating table: comment_reports","time":"2024-07-25T03:51:28.604Z","v":0}
{"name":"Log","hostname":"27ec6c04809f","pid":1,"level":30,"version":"5.88.1","msg":"Creating table: jobs","time":"2024-07-25T03:51:28.714Z","v":0}
{"name":"Log","hostname":"27ec6c04809f","pid":1,"level":30,"version":"5.88.1","msg":"Creating table: redirects","time":"2024-07-25T03:51:28.762Z","v":0}
{"name":"Log","hostname":"27ec6c04809f","pid":1,"level":30,"version":"5.88.1","msg":"Creating table: members_click_events","time":"2024-07-25T03:51:28.824Z","v":0}
{"name":"Log","hostname":"27ec6c04809f","pid":1,"level":30,"version":"5.88.1","msg":"Creating table: members_feedback","time":"2024-07-25T03:51:28.886Z","v":0}
{"name":"Log","hostname":"27ec6c04809f","pid":1,"level":30,"version":"5.88.1","msg":"Creating table: suppressions","time":"2024-07-25T03:51:28.948Z","v":0}
{"name":"Log","hostname":"27ec6c04809f","pid":1,"level":30,"version":"5.88.1","msg":"Creating table: email_spam_complaint_events","time":"2024-07-25T03:51:29.005Z","v":0}
{"name":"Log","hostname":"27ec6c04809f","pid":1,"level":30,"version":"5.88.1","msg":"Creating table: mentions","time":"2024-07-25T03:51:29.193Z","v":0}
{"name":"Log","hostname":"27ec6c04809f","pid":1,"level":30,"version":"5.88.1","msg":"Creating table: milestones","time":"2024-07-25T03:51:29.211Z","v":0}
{"name":"Log","hostname":"27ec6c04809f","pid":1,"level":30,"version":"5.88.1","msg":"Creating table: temp_mail_events","time":"2024-07-25T03:51:29.228Z","v":0}
{"name":"Log","hostname":"27ec6c04809f","pid":1,"level":30,"version":"5.88.1","msg":"Creating table: collections","time":"2024-07-25T03:51:29.245Z","v":0}
{"name":"Log","hostname":"27ec6c04809f","pid":1,"level":30,"version":"5.88.1","msg":"Creating table: collections_posts","time":"2024-07-25T03:51:29.287Z","v":0}
{"name":"Log","hostname":"27ec6c04809f","pid":1,"level":30,"version":"5.88.1","msg":"Creating table: recommendations","time":"2024-07-25T03:51:29.428Z","v":0}
{"name":"Log","hostname":"27ec6c04809f","pid":1,"level":30,"version":"5.88.1","msg":"Creating table: recommendation_click_events","time":"2024-07-25T03:51:29.455Z","v":0}
{"name":"Log","hostname":"27ec6c04809f","pid":1,"level":30,"version":"5.88.1","msg":"Creating table: recommendation_subscribe_events","time":"2024-07-25T03:51:29.539Z","v":0}
{"name":"Log","hostname":"27ec6c04809f","pid":1,"level":30,"version":"5.88.1","msg":"Model: Collection","time":"2024-07-25T03:51:29.888Z","v":0}
{"name":"Log","hostname":"27ec6c04809f","pid":1,"level":30,"version":"5.88.1","msg":"Model: Product","time":"2024-07-25T03:51:29.894Z","v":0}
{"name":"Log","hostname":"27ec6c04809f","pid":1,"level":30,"version":"5.88.1","msg":"Model: Newsletter","time":"2024-07-25T03:51:29.903Z","v":0}
{"name":"Log","hostname":"27ec6c04809f","pid":1,"level":30,"version":"5.88.1","msg":"Model: Tag","time":"2024-07-25T03:51:29.910Z","v":0}
{"name":"Log","hostname":"27ec6c04809f","pid":1,"level":30,"version":"5.88.1","msg":"Model: Permission","time":"2024-07-25T03:51:29.915Z","v":0}
{"name":"Log","hostname":"27ec6c04809f","pid":1,"level":30,"version":"5.88.1","msg":"Model: Post","time":"2024-07-25T03:51:30.203Z","v":0}
{"name":"Log","hostname":"27ec6c04809f","pid":1,"level":30,"version":"5.88.1","msg":"Model: Integration","time":"2024-07-25T03:51:30.927Z","v":0}
{"name":"Log","hostname":"27ec6c04809f","pid":1,"level":30,"version":"5.88.1","msg":"Relation: Role to Permission","time":"2024-07-25T03:51:30.997Z","v":0}
{"name":"Log","hostname":"27ec6c04809f","pid":1,"level":30,"version":"5.88.1","msg":"Relation: Post to Tag","time":"2024-07-25T03:51:31.308Z","v":0}
{"name":"Log","hostname":"27ec6c04809f","pid":1,"level":30,"version":"5.88.1","msg":"Database is in a ready state.","time":"2024-07-25T03:51:31.430Z","v":0}
{"name":"Log","hostname":"27ec6c04809f","pid":1,"level":30,"version":"5.88.1","msg":"Ghost database ready in 7.529s","time":"2024-07-25T03:51:31.435Z","v":0}
{"name":"Log","hostname":"27ec6c04809f","pid":1,"level":40,"version":"5.88.1","msg":"Missing mail.from config, falling back to a generated email address. Please update your config file and set a valid from address","time":"2024-07-25T03:51:31.767Z","v":0}
{"name":"Log","hostname":"27ec6c04809f","pid":1,"level":30,"version":"5.88.1","msg":"Adding offloaded job to the queue","time":"2024-07-25T03:51:34.380Z","v":0}
{"name":"Log","hostname":"27ec6c04809f","pid":1,"level":30,"version":"5.88.1","msg":"Scheduling job mentions-email-report at 27 33 * * * *. Next run on: Thu Jul 25 2024 04:33:27 GMT+0000 (Coordinated Universal Time)","time":"2024-07-25T03:51:34.387Z","v":0}
{"name":"Log","hostname":"27ec6c04809f","pid":1,"level":30,"version":"5.88.1","msg":"Ghost URL Service Ready in 10.863s","time":"2024-07-25T03:51:34.768Z","v":0}
{"name":"Log","hostname":"27ec6c04809f","pid":1,"level":30,"version":"5.88.1","msg":"Adding one-off job to queue with current length = 0 called 'members-migrations'","time":"2024-07-25T03:51:34.813Z","v":0}
{"name":"Log","hostname":"27ec6c04809f","pid":1,"level":30,"version":"5.88.1","msg":"Stripe not configured - skipping migrations","time":"2024-07-25T03:51:34.823Z","v":0}
{"name":"Log","hostname":"27ec6c04809f","pid":1,"level":30,"version":"5.88.1","msg":"Adding offloaded job to the queue","time":"2024-07-25T03:51:35.284Z","v":0}
{"name":"Log","hostname":"27ec6c04809f","pid":1,"level":30,"version":"5.88.1","msg":"Scheduling job clean-expired-comped at 40 48 4 * * *. Next run on: Thu Jul 25 2024 04:48:40 GMT+0000 (Coordinated Universal Time)","time":"2024-07-25T03:51:35.288Z","v":0}
{"name":"Log","hostname":"27ec6c04809f","pid":1,"level":30,"version":"5.88.1","msg":"Adding offloaded job to the queue","time":"2024-07-25T03:51:35.295Z","v":0}
{"name":"Log","hostname":"27ec6c04809f","pid":1,"level":30,"version":"5.88.1","msg":"Scheduling job clean-tokens at 50 49 20 * * *. Next run on: Thu Jul 25 2024 20:49:50 GMT+0000 (Coordinated Universal Time)","time":"2024-07-25T03:51:35.298Z","v":0}
{"name":"Log","hostname":"27ec6c04809f","pid":1,"level":30,"version":"5.88.1","msg":"Ghost booted in 11.93s","time":"2024-07-25T03:51:35.836Z","v":0}
{"name":"Log","hostname":"27ec6c04809f","pid":1,"level":30,"version":"5.88.1","msg":"Adding offloaded job to the queue","time":"2024-07-25T03:51:35.841Z","v":0}
{"name":"Log","hostname":"27ec6c04809f","pid":1,"level":30,"version":"5.88.1","msg":"Scheduling job update-check at 32 52 11 * * *. Next run on: Thu Jul 25 2024 11:52:32 GMT+0000 (Coordinated Universal Time)","time":"2024-07-25T03:51:35.843Z","v":0}
{"name":"Log","hostname":"27ec6c04809f","pid":1,"level":30,"version":"5.88.1","msg":"Running milestone emails job on Fri Jul 26 2024 03:51:35 GMT+0000 (Coordinated Universal Time)","time":"2024-07-25T03:51:35.851Z","v":0}
{"name":"Log","hostname":"27ec6c04809f","pid":1,"level":40,"version":"5.88.1","msg":"Ghost is shutting down","time":"2024-07-25T03:52:52.396Z","v":0}
{"name":"Log","hostname":"27ec6c04809f","pid":1,"level":40,"version":"5.88.1","msg":"Ghost has shut down","time":"2024-07-25T03:52:52.399Z","v":0}
{"name":"Log","hostname":"27ec6c04809f","pid":1,"level":40,"version":"5.88.1","msg":"Your site is now offline","time":"2024-07-25T03:52:52.399Z","v":0}
{"name":"Log","hostname":"27ec6c04809f","pid":1,"level":40,"version":"5.88.1","msg":"Ghost was running for a minute","time":"2024-07-25T03:52:52.400Z","v":0}
