{"name":"Log","hostname":"9aa1ac6926c1","pid":1,"level":30,"version":"5.88.1","msg":"Ghost is running in production...","time":"2024-07-25T07:32:52.220Z","v":0}
{"name":"Log","hostname":"9aa1ac6926c1","pid":1,"level":30,"version":"5.88.1","msg":"Your site is now available on https://192.168.21.196/","time":"2024-07-25T07:32:52.221Z","v":0}
{"name":"Log","hostname":"9aa1ac6926c1","pid":1,"level":30,"version":"5.88.1","msg":"Ctrl+C to shut down","time":"2024-07-25T07:32:52.222Z","v":0}
{"name":"Log","hostname":"9aa1ac6926c1","pid":1,"level":30,"version":"5.88.1","msg":"Ghost server started in 1.305s","time":"2024-07-25T07:32:52.223Z","v":0}
{"name":"Log","hostname":"9aa1ac6926c1","pid":1,"level":30,"version":"5.88.1","msg":"Database is in a ready state.","time":"2024-07-25T07:32:52.594Z","v":0}
{"name":"Log","hostname":"9aa1ac6926c1","pid":1,"level":30,"version":"5.88.1","msg":"Ghost database ready in 1.69s","time":"2024-07-25T07:32:52.607Z","v":0}
{"name":"Log","hostname":"9aa1ac6926c1","pid":1,"level":40,"version":"5.88.1","msg":"Missing mail.from config, falling back to a generated email address. Please update your config file and set a valid from address","time":"2024-07-25T07:32:53.309Z","v":0}
{"name":"Log","hostname":"9aa1ac6926c1","pid":1,"level":30,"version":"5.88.1","msg":"Adding offloaded job to the queue","time":"2024-07-25T07:32:55.835Z","v":0}
{"name":"Log","hostname":"9aa1ac6926c1","pid":1,"level":30,"version":"5.88.1","msg":"Scheduling job mentions-email-report at 3 5 * * * *. Next run on: Thu Jul 25 2024 08:05:03 GMT+0000 (Coordinated Universal Time)","time":"2024-07-25T07:32:55.848Z","v":0}
{"name":"Log","hostname":"9aa1ac6926c1","pid":1,"level":30,"version":"5.88.1","msg":"Ghost URL Service Ready in 5.811s","time":"2024-07-25T07:32:56.729Z","v":0}
{"name":"Log","hostname":"9aa1ac6926c1","pid":1,"level":30,"version":"5.88.1","msg":"Adding offloaded job to the queue","time":"2024-07-25T07:32:56.738Z","v":0}
{"name":"Log","hostname":"9aa1ac6926c1","pid":1,"level":30,"version":"5.88.1","msg":"Scheduling job clean-expired-comped at 30 26 4 * * *. Next run on: Fri Jul 26 2024 04:26:30 GMT+0000 (Coordinated Universal Time)","time":"2024-07-25T07:32:56.741Z","v":0}
{"name":"Log","hostname":"9aa1ac6926c1","pid":1,"level":30,"version":"5.88.1","msg":"Adding offloaded job to the queue","time":"2024-07-25T07:32:56.745Z","v":0}
{"name":"Log","hostname":"9aa1ac6926c1","pid":1,"level":30,"version":"5.88.1","msg":"Scheduling job clean-tokens at 4 33 19 * * *. Next run on: Thu Jul 25 2024 19:33:04 GMT+0000 (Coordinated Universal Time)","time":"2024-07-25T07:32:56.747Z","v":0}
{"name":"Log","hostname":"9aa1ac6926c1","pid":1,"level":30,"version":"5.88.1","msg":"Ghost booted in 6.626s","time":"2024-07-25T07:32:57.544Z","v":0}
{"name":"Log","hostname":"9aa1ac6926c1","pid":1,"level":30,"version":"5.88.1","msg":"Adding offloaded job to the queue","time":"2024-07-25T07:32:57.550Z","v":0}
{"name":"Log","hostname":"9aa1ac6926c1","pid":1,"level":30,"version":"5.88.1","msg":"Scheduling job update-check at 57 29 20 * * *. Next run on: Thu Jul 25 2024 20:29:57 GMT+0000 (Coordinated Universal Time)","time":"2024-07-25T07:32:57.553Z","v":0}
{"name":"Log","hostname":"9aa1ac6926c1","pid":1,"level":30,"version":"5.88.1","msg":"Running milestone emails job on Sat Jul 27 2024 07:32:57 GMT+0000 (Coordinated Universal Time)","time":"2024-07-25T07:32:57.561Z","v":0}
{"name":"Log","hostname":"9aa1ac6926c1","pid":1,"level":40,"version":"5.88.1","msg":"Ghost is shutting down","time":"2024-07-25T07:34:31.982Z","v":0}
{"name":"Log","hostname":"9aa1ac6926c1","pid":1,"level":40,"version":"5.88.1","msg":"Ghost has shut down","time":"2024-07-25T07:34:31.985Z","v":0}
{"name":"Log","hostname":"9aa1ac6926c1","pid":1,"level":40,"version":"5.88.1","msg":"Your site is now offline","time":"2024-07-25T07:34:31.985Z","v":0}
{"name":"Log","hostname":"9aa1ac6926c1","pid":1,"level":40,"version":"5.88.1","msg":"Ghost was running for 2 minutes","time":"2024-07-25T07:34:31.986Z","v":0}
{"name":"Log","hostname":"c9ceb13dcc08","pid":1,"level":30,"version":"5.88.1","msg":"Ghost is running in production...","time":"2024-07-25T07:42:22.013Z","v":0}
{"name":"Log","hostname":"c9ceb13dcc08","pid":1,"level":30,"version":"5.88.1","msg":"Your site is now available on https://192.168.21.196/","time":"2024-07-25T07:42:22.015Z","v":0}
{"name":"Log","hostname":"c9ceb13dcc08","pid":1,"level":30,"version":"5.88.1","msg":"Ctrl+C to shut down","time":"2024-07-25T07:42:22.015Z","v":0}
{"name":"Log","hostname":"c9ceb13dcc08","pid":1,"level":30,"version":"5.88.1","msg":"Ghost server started in 1.292s","time":"2024-07-25T07:42:22.016Z","v":0}
{"name":"Log","hostname":"c9ceb13dcc08","pid":1,"level":30,"version":"5.88.1","msg":"Database is in a ready state.","time":"2024-07-25T07:42:22.378Z","v":0}
{"name":"Log","hostname":"c9ceb13dcc08","pid":1,"level":30,"version":"5.88.1","msg":"Ghost database ready in 1.664s","time":"2024-07-25T07:42:22.389Z","v":0}
{"name":"Log","hostname":"c9ceb13dcc08","pid":1,"level":40,"version":"5.88.1","msg":"Missing mail.from config, falling back to a generated email address. Please update your config file and set a valid from address","time":"2024-07-25T07:42:22.905Z","v":0}
{"name":"Log","hostname":"c9ceb13dcc08","pid":1,"level":30,"version":"5.88.1","msg":"Adding offloaded job to the queue","time":"2024-07-25T07:42:25.857Z","v":0}
{"name":"Log","hostname":"c9ceb13dcc08","pid":1,"level":30,"version":"5.88.1","msg":"Scheduling job mentions-email-report at 38 26 * * * *. Next run on: Thu Jul 25 2024 08:26:38 GMT+0000 (Coordinated Universal Time)","time":"2024-07-25T07:42:25.871Z","v":0}
{"name":"Log","hostname":"c9ceb13dcc08","pid":1,"level":30,"version":"5.88.1","msg":"Ghost URL Service Ready in 6.132s","time":"2024-07-25T07:42:26.857Z","v":0}
{"name":"Log","hostname":"c9ceb13dcc08","pid":1,"level":30,"version":"5.88.1","msg":"Adding offloaded job to the queue","time":"2024-07-25T07:42:26.860Z","v":0}
{"name":"Log","hostname":"c9ceb13dcc08","pid":1,"level":30,"version":"5.88.1","msg":"Scheduling job clean-expired-comped at 55 33 5 * * *. Next run on: Fri Jul 26 2024 05:33:55 GMT+0000 (Coordinated Universal Time)","time":"2024-07-25T07:42:26.866Z","v":0}
{"name":"Log","hostname":"c9ceb13dcc08","pid":1,"level":30,"version":"5.88.1","msg":"Adding offloaded job to the queue","time":"2024-07-25T07:42:26.882Z","v":0}
{"name":"Log","hostname":"c9ceb13dcc08","pid":1,"level":30,"version":"5.88.1","msg":"Scheduling job clean-tokens at 27 44 14 * * *. Next run on: Thu Jul 25 2024 14:44:27 GMT+0000 (Coordinated Universal Time)","time":"2024-07-25T07:42:26.885Z","v":0}
{"name":"Log","hostname":"c9ceb13dcc08","pid":1,"level":30,"version":"5.88.1","msg":"Ghost booted in 6.941s","time":"2024-07-25T07:42:27.666Z","v":0}
{"name":"Log","hostname":"c9ceb13dcc08","pid":1,"level":30,"version":"5.88.1","msg":"Adding offloaded job to the queue","time":"2024-07-25T07:42:27.675Z","v":0}
{"name":"Log","hostname":"c9ceb13dcc08","pid":1,"level":30,"version":"5.88.1","msg":"Scheduling job update-check at 12 33 4 * * *. Next run on: Fri Jul 26 2024 04:33:12 GMT+0000 (Coordinated Universal Time)","time":"2024-07-25T07:42:27.677Z","v":0}
{"name":"Log","hostname":"c9ceb13dcc08","pid":1,"level":30,"version":"5.88.1","msg":"Running milestone emails job on Thu Jul 25 2024 07:42:27 GMT+0000 (Coordinated Universal Time)","time":"2024-07-25T07:42:27.689Z","v":0}
{"name":"Log","hostname":"c9ceb13dcc08","pid":1,"level":40,"version":"5.88.1","msg":"Ghost is shutting down","time":"2024-07-25T07:43:37.560Z","v":0}
{"name":"Log","hostname":"c9ceb13dcc08","pid":1,"level":40,"version":"5.88.1","msg":"Ghost has shut down","time":"2024-07-25T07:43:37.562Z","v":0}
{"name":"Log","hostname":"c9ceb13dcc08","pid":1,"level":40,"version":"5.88.1","msg":"Your site is now offline","time":"2024-07-25T07:43:37.562Z","v":0}
{"name":"Log","hostname":"c9ceb13dcc08","pid":1,"level":40,"version":"5.88.1","msg":"Ghost was running for a minute","time":"2024-07-25T07:43:37.563Z","v":0}
{"name":"Log","hostname":"febbe447a3da","pid":1,"level":30,"version":"5.88.1","msg":"Ghost is running in production...","time":"2024-07-25T07:54:45.464Z","v":0}
{"name":"Log","hostname":"febbe447a3da","pid":1,"level":30,"version":"5.88.1","msg":"Your site is now available on https://192.168.21.196/","time":"2024-07-25T07:54:45.467Z","v":0}
{"name":"Log","hostname":"febbe447a3da","pid":1,"level":30,"version":"5.88.1","msg":"Ctrl+C to shut down","time":"2024-07-25T07:54:45.467Z","v":0}
{"name":"Log","hostname":"febbe447a3da","pid":1,"level":30,"version":"5.88.1","msg":"Ghost server started in 1.369s","time":"2024-07-25T07:54:45.468Z","v":0}
{"name":"Log","hostname":"febbe447a3da","pid":1,"level":30,"version":"5.88.1","msg":"Database is in a ready state.","time":"2024-07-25T07:54:45.830Z","v":0}
{"name":"Log","hostname":"febbe447a3da","pid":1,"level":30,"version":"5.88.1","msg":"Ghost database ready in 1.74s","time":"2024-07-25T07:54:45.839Z","v":0}
{"name":"Log","hostname":"febbe447a3da","pid":1,"level":40,"version":"5.88.1","msg":"Missing mail.from config, falling back to a generated email address. Please update your config file and set a valid from address","time":"2024-07-25T07:54:46.521Z","v":0}
{"name":"Log","hostname":"febbe447a3da","pid":1,"level":30,"version":"5.88.1","msg":"Adding offloaded job to the queue","time":"2024-07-25T07:54:49.161Z","v":0}
{"name":"Log","hostname":"febbe447a3da","pid":1,"level":30,"version":"5.88.1","msg":"Scheduling job mentions-email-report at 36 34 * * * *. Next run on: Thu Jul 25 2024 08:34:36 GMT+0000 (Coordinated Universal Time)","time":"2024-07-25T07:54:49.174Z","v":0}
{"name":"Log","hostname":"febbe447a3da","pid":1,"level":30,"version":"5.88.1","msg":"Adding offloaded job to the queue","time":"2024-07-25T07:54:50.091Z","v":0}
{"name":"Log","hostname":"febbe447a3da","pid":1,"level":30,"version":"5.88.1","msg":"Scheduling job clean-expired-comped at 48 24 2 * * *. Next run on: Fri Jul 26 2024 02:24:48 GMT+0000 (Coordinated Universal Time)","time":"2024-07-25T07:54:50.094Z","v":0}
{"name":"Log","hostname":"febbe447a3da","pid":1,"level":30,"version":"5.88.1","msg":"Adding offloaded job to the queue","time":"2024-07-25T07:54:50.099Z","v":0}
{"name":"Log","hostname":"febbe447a3da","pid":1,"level":30,"version":"5.88.1","msg":"Scheduling job clean-tokens at 17 14 1 * * *. Next run on: Fri Jul 26 2024 01:14:17 GMT+0000 (Coordinated Universal Time)","time":"2024-07-25T07:54:50.102Z","v":0}
{"name":"Log","hostname":"febbe447a3da","pid":1,"level":30,"version":"5.88.1","msg":"Ghost booted in 6.639s","time":"2024-07-25T07:54:50.738Z","v":0}
{"name":"Log","hostname":"febbe447a3da","pid":1,"level":30,"version":"5.88.1","msg":"Ghost URL Service Ready in 6.641s","time":"2024-07-25T07:54:50.740Z","v":0}
{"name":"Log","hostname":"febbe447a3da","pid":1,"level":30,"version":"5.88.1","msg":"Adding offloaded job to the queue","time":"2024-07-25T07:54:50.746Z","v":0}
{"name":"Log","hostname":"febbe447a3da","pid":1,"level":30,"version":"5.88.1","msg":"Scheduling job update-check at 22 41 9 * * *. Next run on: Thu Jul 25 2024 09:41:22 GMT+0000 (Coordinated Universal Time)","time":"2024-07-25T07:54:50.748Z","v":0}
{"name":"Log","hostname":"febbe447a3da","pid":1,"level":30,"version":"5.88.1","msg":"Running milestone emails job on Sun Jul 28 2024 07:54:50 GMT+0000 (Coordinated Universal Time)","time":"2024-07-25T07:54:50.757Z","v":0}
{"name":"Log","hostname":"febbe447a3da","pid":1,"level":30,"version":"5.88.1","msg":"Updating incoming recommendations on boot","time":"2024-07-25T07:58:57.670Z","v":0}
{"name":"Log","hostname":"febbe447a3da","pid":1,"level":30,"version":"5.88.1","msg":"[Recommendations] Updating recommendations metadata","time":"2024-07-25T08:00:03.520Z","v":0}
{"name":"Log","hostname":"febbe447a3da","pid":1,"level":40,"version":"5.88.1","msg":"Ghost is shutting down","time":"2024-07-25T08:22:42.921Z","v":0}
{"name":"Log","hostname":"febbe447a3da","pid":1,"level":40,"version":"5.88.1","msg":"Ghost has shut down","time":"2024-07-25T08:22:42.924Z","v":0}
{"name":"Log","hostname":"febbe447a3da","pid":1,"level":40,"version":"5.88.1","msg":"Your site is now offline","time":"2024-07-25T08:22:42.924Z","v":0}
{"name":"Log","hostname":"febbe447a3da","pid":1,"level":40,"version":"5.88.1","msg":"Ghost was running for 28 minutes","time":"2024-07-25T08:22:42.925Z","v":0}
{"name":"Log","hostname":"f5a4fab9d7ee","pid":1,"level":30,"version":"5.88.1","msg":"Ghost is running in production...","time":"2024-07-25T08:25:37.706Z","v":0}
{"name":"Log","hostname":"f5a4fab9d7ee","pid":1,"level":30,"version":"5.88.1","msg":"Your site is now available on https://192.168.21.196/","time":"2024-07-25T08:25:37.707Z","v":0}
{"name":"Log","hostname":"f5a4fab9d7ee","pid":1,"level":30,"version":"5.88.1","msg":"Ctrl+C to shut down","time":"2024-07-25T08:25:37.708Z","v":0}
{"name":"Log","hostname":"f5a4fab9d7ee","pid":1,"level":30,"version":"5.88.1","msg":"Ghost server started in 0.495s","time":"2024-07-25T08:25:37.709Z","v":0}
{"name":"Log","hostname":"f5a4fab9d7ee","pid":1,"level":30,"version":"5.88.1","msg":"Database is in a ready state.","time":"2024-07-25T08:25:37.876Z","v":0}
{"name":"Log","hostname":"f5a4fab9d7ee","pid":1,"level":30,"version":"5.88.1","msg":"Ghost database ready in 0.671s","time":"2024-07-25T08:25:37.884Z","v":0}
{"name":"Log","hostname":"f5a4fab9d7ee","pid":1,"level":40,"version":"5.88.1","msg":"Missing mail.from config, falling back to a generated email address. Please update your config file and set a valid from address","time":"2024-07-25T08:25:38.098Z","v":0}
{"name":"Log","hostname":"f5a4fab9d7ee","pid":1,"level":30,"version":"5.88.1","msg":"Adding offloaded job to the queue","time":"2024-07-25T08:25:39.293Z","v":0}
{"name":"Log","hostname":"f5a4fab9d7ee","pid":1,"level":30,"version":"5.88.1","msg":"Scheduling job mentions-email-report at 4 16 * * * *. Next run on: Thu Jul 25 2024 09:16:04 GMT+0000 (Coordinated Universal Time)","time":"2024-07-25T08:25:39.300Z","v":0}
{"name":"Log","hostname":"f5a4fab9d7ee","pid":1,"level":30,"version":"5.88.1","msg":"Adding offloaded job to the queue","time":"2024-07-25T08:25:39.535Z","v":0}
{"name":"Log","hostname":"f5a4fab9d7ee","pid":1,"level":30,"version":"5.88.1","msg":"Scheduling job clean-expired-comped at 30 1 2 * * *. Next run on: Fri Jul 26 2024 02:01:30 GMT+0000 (Coordinated Universal Time)","time":"2024-07-25T08:25:39.538Z","v":0}
{"name":"Log","hostname":"f5a4fab9d7ee","pid":1,"level":30,"version":"5.88.1","msg":"Adding offloaded job to the queue","time":"2024-07-25T08:25:39.546Z","v":0}
{"name":"Log","hostname":"f5a4fab9d7ee","pid":1,"level":30,"version":"5.88.1","msg":"Scheduling job clean-tokens at 26 2 13 * * *. Next run on: Thu Jul 25 2024 13:02:26 GMT+0000 (Coordinated Universal Time)","time":"2024-07-25T08:25:39.548Z","v":0}
{"name":"Log","hostname":"f5a4fab9d7ee","pid":1,"level":30,"version":"5.88.1","msg":"Ghost booted in 2.487s","time":"2024-07-25T08:25:39.700Z","v":0}
{"name":"Log","hostname":"f5a4fab9d7ee","pid":1,"level":30,"version":"5.88.1","msg":"Adding offloaded job to the queue","time":"2024-07-25T08:25:39.709Z","v":0}
{"name":"Log","hostname":"f5a4fab9d7ee","pid":1,"level":30,"version":"5.88.1","msg":"Scheduling job update-check at 59 15 12 * * *. Next run on: Thu Jul 25 2024 12:15:59 GMT+0000 (Coordinated Universal Time)","time":"2024-07-25T08:25:39.713Z","v":0}
{"name":"Log","hostname":"f5a4fab9d7ee","pid":1,"level":30,"version":"5.88.1","msg":"Running milestone emails job on Sat Jul 27 2024 08:25:39 GMT+0000 (Coordinated Universal Time)","time":"2024-07-25T08:25:39.720Z","v":0}
{"name":"Log","hostname":"f5a4fab9d7ee","pid":1,"level":30,"version":"5.88.1","msg":"Ghost URL Service Ready in 2.596s","time":"2024-07-25T08:25:39.810Z","v":0}
{"name":"Log","hostname":"f5a4fab9d7ee","pid":1,"level":40,"version":"5.88.1","msg":"Ghost is shutting down","time":"2024-07-25T08:27:26.588Z","v":0}
{"name":"Log","hostname":"f5a4fab9d7ee","pid":1,"level":40,"version":"5.88.1","msg":"Ghost has shut down","time":"2024-07-25T08:27:26.591Z","v":0}
{"name":"Log","hostname":"f5a4fab9d7ee","pid":1,"level":40,"version":"5.88.1","msg":"Your site is now offline","time":"2024-07-25T08:27:26.592Z","v":0}
{"name":"Log","hostname":"f5a4fab9d7ee","pid":1,"level":40,"version":"5.88.1","msg":"Ghost was running for 2 minutes","time":"2024-07-25T08:27:26.592Z","v":0}
{"name":"Log","hostname":"db2c6c46effe","pid":1,"level":30,"version":"5.88.1","msg":"Ghost is running in production...","time":"2024-07-25T08:31:39.004Z","v":0}
{"name":"Log","hostname":"db2c6c46effe","pid":1,"level":30,"version":"5.88.1","msg":"Your site is now available on https://192.168.21.196/","time":"2024-07-25T08:31:39.006Z","v":0}
{"name":"Log","hostname":"db2c6c46effe","pid":1,"level":30,"version":"5.88.1","msg":"Ctrl+C to shut down","time":"2024-07-25T08:31:39.006Z","v":0}
{"name":"Log","hostname":"db2c6c46effe","pid":1,"level":30,"version":"5.88.1","msg":"Ghost server started in 0.593s","time":"2024-07-25T08:31:39.007Z","v":0}
{"name":"Log","hostname":"db2c6c46effe","pid":1,"level":30,"version":"5.88.1","msg":"Database is in a ready state.","time":"2024-07-25T08:31:39.160Z","v":0}
{"name":"Log","hostname":"db2c6c46effe","pid":1,"level":30,"version":"5.88.1","msg":"Ghost database ready in 0.754s","time":"2024-07-25T08:31:39.169Z","v":0}
{"name":"Log","hostname":"db2c6c46effe","pid":1,"level":40,"version":"5.88.1","msg":"Missing mail.from config, falling back to a generated email address. Please update your config file and set a valid from address","time":"2024-07-25T08:31:39.429Z","v":0}
{"name":"Log","hostname":"db2c6c46effe","pid":1,"level":30,"version":"5.88.1","msg":"Adding offloaded job to the queue","time":"2024-07-25T08:31:40.685Z","v":0}
{"name":"Log","hostname":"db2c6c46effe","pid":1,"level":30,"version":"5.88.1","msg":"Scheduling job mentions-email-report at 13 51 * * * *. Next run on: Thu Jul 25 2024 08:51:13 GMT+0000 (Coordinated Universal Time)","time":"2024-07-25T08:31:40.694Z","v":0}
{"name":"Log","hostname":"db2c6c46effe","pid":1,"level":30,"version":"5.88.1","msg":"Adding offloaded job to the queue","time":"2024-07-25T08:31:41.016Z","v":0}
{"name":"Log","hostname":"db2c6c46effe","pid":1,"level":30,"version":"5.88.1","msg":"Scheduling job clean-expired-comped at 26 13 0 * * *. Next run on: Fri Jul 26 2024 00:13:26 GMT+0000 (Coordinated Universal Time)","time":"2024-07-25T08:31:41.020Z","v":0}
{"name":"Log","hostname":"db2c6c46effe","pid":1,"level":30,"version":"5.88.1","msg":"Adding offloaded job to the queue","time":"2024-07-25T08:31:41.027Z","v":0}
{"name":"Log","hostname":"db2c6c46effe","pid":1,"level":30,"version":"5.88.1","msg":"Scheduling job clean-tokens at 49 50 2 * * *. Next run on: Fri Jul 26 2024 02:50:49 GMT+0000 (Coordinated Universal Time)","time":"2024-07-25T08:31:41.031Z","v":0}
{"name":"Log","hostname":"db2c6c46effe","pid":1,"level":30,"version":"5.88.1","msg":"Ghost booted in 2.802s","time":"2024-07-25T08:31:41.216Z","v":0}
{"name":"Log","hostname":"db2c6c46effe","pid":1,"level":30,"version":"5.88.1","msg":"Adding offloaded job to the queue","time":"2024-07-25T08:31:41.223Z","v":0}
{"name":"Log","hostname":"db2c6c46effe","pid":1,"level":30,"version":"5.88.1","msg":"Scheduling job update-check at 52 49 19 * * *. Next run on: Thu Jul 25 2024 19:49:52 GMT+0000 (Coordinated Universal Time)","time":"2024-07-25T08:31:41.225Z","v":0}
{"name":"Log","hostname":"db2c6c46effe","pid":1,"level":30,"version":"5.88.1","msg":"Running milestone emails job on Sat Jul 27 2024 08:31:41 GMT+0000 (Coordinated Universal Time)","time":"2024-07-25T08:31:41.232Z","v":0}
{"name":"Log","hostname":"db2c6c46effe","pid":1,"level":30,"version":"5.88.1","msg":"Ghost URL Service Ready in 2.911s","time":"2024-07-25T08:31:41.326Z","v":0}
{"name":"Log","hostname":"db2c6c46effe","pid":1,"level":30,"version":"5.88.1","msg":"Updating incoming recommendations on boot","time":"2024-07-25T08:35:28.983Z","v":0}
{"name":"Log","hostname":"db2c6c46effe","pid":1,"level":30,"version":"5.88.1","msg":"[Recommendations] Updating recommendations metadata","time":"2024-07-25T08:36:14.813Z","v":0}
{"name":"Log","hostname":"db2c6c46effe","pid":1,"level":40,"version":"5.88.1","msg":"Ghost is shutting down","time":"2024-07-25T08:39:56.768Z","v":0}
{"name":"Log","hostname":"db2c6c46effe","pid":1,"level":40,"version":"5.88.1","msg":"Ghost has shut down","time":"2024-07-25T08:39:56.771Z","v":0}
{"name":"Log","hostname":"db2c6c46effe","pid":1,"level":40,"version":"5.88.1","msg":"Your site is now offline","time":"2024-07-25T08:39:56.771Z","v":0}
{"name":"Log","hostname":"db2c6c46effe","pid":1,"level":40,"version":"5.88.1","msg":"Ghost was running for 8 minutes","time":"2024-07-25T08:39:56.773Z","v":0}
{"name":"Log","hostname":"47b06a3742b3","pid":1,"level":30,"version":"5.88.1","msg":"Ghost is running in production...","time":"2024-07-25T08:58:06.216Z","v":0}
{"name":"Log","hostname":"47b06a3742b3","pid":1,"level":30,"version":"5.88.1","msg":"Your site is now available on https://192.168.21.196/","time":"2024-07-25T08:58:06.217Z","v":0}
{"name":"Log","hostname":"47b06a3742b3","pid":1,"level":30,"version":"5.88.1","msg":"Ctrl+C to shut down","time":"2024-07-25T08:58:06.218Z","v":0}
{"name":"Log","hostname":"47b06a3742b3","pid":1,"level":30,"version":"5.88.1","msg":"Ghost server started in 1.262s","time":"2024-07-25T08:58:06.218Z","v":0}
{"name":"Log","hostname":"47b06a3742b3","pid":1,"level":30,"version":"5.88.1","msg":"Database is in a ready state.","time":"2024-07-25T08:58:06.611Z","v":0}
{"name":"Log","hostname":"47b06a3742b3","pid":1,"level":30,"version":"5.88.1","msg":"Ghost database ready in 1.667s","time":"2024-07-25T08:58:06.624Z","v":0}
{"name":"Log","hostname":"47b06a3742b3","pid":1,"level":40,"version":"5.88.1","msg":"Missing mail.from config, falling back to a generated email address. Please update your config file and set a valid from address","time":"2024-07-25T08:58:07.337Z","v":0}
{"name":"Log","hostname":"47b06a3742b3","pid":1,"level":30,"version":"5.88.1","msg":"Adding offloaded job to the queue","time":"2024-07-25T08:58:10.100Z","v":0}
{"name":"Log","hostname":"47b06a3742b3","pid":1,"level":30,"version":"5.88.1","msg":"Scheduling job mentions-email-report at 17 38 * * * *. Next run on: Thu Jul 25 2024 09:38:17 GMT+0000 (Coordinated Universal Time)","time":"2024-07-25T08:58:10.115Z","v":0}
{"name":"Log","hostname":"47b06a3742b3","pid":1,"level":30,"version":"5.88.1","msg":"Ghost URL Service Ready in 6.149s","time":"2024-07-25T08:58:11.106Z","v":0}
{"name":"Log","hostname":"47b06a3742b3","pid":1,"level":30,"version":"5.88.1","msg":"Adding offloaded job to the queue","time":"2024-07-25T08:58:11.115Z","v":0}
{"name":"Log","hostname":"47b06a3742b3","pid":1,"level":30,"version":"5.88.1","msg":"Scheduling job clean-expired-comped at 18 43 1 * * *. Next run on: Fri Jul 26 2024 01:43:18 GMT+0000 (Coordinated Universal Time)","time":"2024-07-25T08:58:11.120Z","v":0}
{"name":"Log","hostname":"47b06a3742b3","pid":1,"level":30,"version":"5.88.1","msg":"Adding offloaded job to the queue","time":"2024-07-25T08:58:11.125Z","v":0}
{"name":"Log","hostname":"47b06a3742b3","pid":1,"level":30,"version":"5.88.1","msg":"Scheduling job clean-tokens at 41 50 16 * * *. Next run on: Thu Jul 25 2024 16:50:41 GMT+0000 (Coordinated Universal Time)","time":"2024-07-25T08:58:11.127Z","v":0}
{"name":"Log","hostname":"47b06a3742b3","pid":1,"level":30,"version":"5.88.1","msg":"Ghost booted in 6.826s","time":"2024-07-25T08:58:11.783Z","v":0}
{"name":"Log","hostname":"47b06a3742b3","pid":1,"level":30,"version":"5.88.1","msg":"Adding offloaded job to the queue","time":"2024-07-25T08:58:11.792Z","v":0}
{"name":"Log","hostname":"47b06a3742b3","pid":1,"level":30,"version":"5.88.1","msg":"Scheduling job update-check at 6 35 17 * * *. Next run on: Thu Jul 25 2024 17:35:06 GMT+0000 (Coordinated Universal Time)","time":"2024-07-25T08:58:11.794Z","v":0}
{"name":"Log","hostname":"47b06a3742b3","pid":1,"level":30,"version":"5.88.1","msg":"Running milestone emails job on Sat Jul 27 2024 08:58:11 GMT+0000 (Coordinated Universal Time)","time":"2024-07-25T08:58:11.803Z","v":0}
{"name":"Log","hostname":"47b06a3742b3","pid":1,"level":40,"version":"5.88.1","msg":"Ghost is shutting down","time":"2024-07-25T08:58:46.705Z","v":0}
{"name":"Log","hostname":"47b06a3742b3","pid":1,"level":40,"version":"5.88.1","msg":"Ghost has shut down","time":"2024-07-25T08:58:46.708Z","v":0}
{"name":"Log","hostname":"47b06a3742b3","pid":1,"level":40,"version":"5.88.1","msg":"Your site is now offline","time":"2024-07-25T08:58:46.708Z","v":0}
{"name":"Log","hostname":"47b06a3742b3","pid":1,"level":40,"version":"5.88.1","msg":"Ghost was running for a few seconds","time":"2024-07-25T08:58:46.709Z","v":0}
{"name":"Log","hostname":"63b1fe10294c","pid":1,"level":30,"version":"5.88.1","msg":"Ghost is running in production...","time":"2024-07-25T08:59:41.244Z","v":0}
{"name":"Log","hostname":"63b1fe10294c","pid":1,"level":30,"version":"5.88.1","msg":"Your site is now available on https://192.168.21.196/","time":"2024-07-25T08:59:41.246Z","v":0}
{"name":"Log","hostname":"63b1fe10294c","pid":1,"level":30,"version":"5.88.1","msg":"Ctrl+C to shut down","time":"2024-07-25T08:59:41.246Z","v":0}
{"name":"Log","hostname":"63b1fe10294c","pid":1,"level":30,"version":"5.88.1","msg":"Ghost server started in 0.691s","time":"2024-07-25T08:59:41.247Z","v":0}
{"name":"Log","hostname":"63b1fe10294c","pid":1,"level":30,"version":"5.88.1","msg":"Database is in a ready state.","time":"2024-07-25T08:59:41.410Z","v":0}
{"name":"Log","hostname":"63b1fe10294c","pid":1,"level":30,"version":"5.88.1","msg":"Ghost database ready in 0.878s","time":"2024-07-25T08:59:41.433Z","v":0}
{"name":"Log","hostname":"63b1fe10294c","pid":1,"level":40,"version":"5.88.1","msg":"Missing mail.from config, falling back to a generated email address. Please update your config file and set a valid from address","time":"2024-07-25T08:59:41.655Z","v":0}
{"name":"Log","hostname":"63b1fe10294c","pid":1,"level":30,"version":"5.88.1","msg":"Adding offloaded job to the queue","time":"2024-07-25T08:59:42.923Z","v":0}
{"name":"Log","hostname":"63b1fe10294c","pid":1,"level":30,"version":"5.88.1","msg":"Scheduling job mentions-email-report at 24 12 * * * *. Next run on: Thu Jul 25 2024 09:12:24 GMT+0000 (Coordinated Universal Time)","time":"2024-07-25T08:59:42.935Z","v":0}
{"name":"Log","hostname":"63b1fe10294c","pid":1,"level":30,"version":"5.88.1","msg":"Adding offloaded job to the queue","time":"2024-07-25T08:59:43.275Z","v":0}
{"name":"Log","hostname":"63b1fe10294c","pid":1,"level":30,"version":"5.88.1","msg":"Scheduling job clean-expired-comped at 14 51 0 * * *. Next run on: Fri Jul 26 2024 00:51:14 GMT+0000 (Coordinated Universal Time)","time":"2024-07-25T08:59:43.280Z","v":0}
{"name":"Log","hostname":"63b1fe10294c","pid":1,"level":30,"version":"5.88.1","msg":"Adding offloaded job to the queue","time":"2024-07-25T08:59:43.287Z","v":0}
{"name":"Log","hostname":"63b1fe10294c","pid":1,"level":30,"version":"5.88.1","msg":"Scheduling job clean-tokens at 47 44 13 * * *. Next run on: Thu Jul 25 2024 13:44:47 GMT+0000 (Coordinated Universal Time)","time":"2024-07-25T08:59:43.290Z","v":0}
{"name":"Log","hostname":"63b1fe10294c","pid":1,"level":30,"version":"5.88.1","msg":"Ghost booted in 2.9s","time":"2024-07-25T08:59:43.455Z","v":0}
{"name":"Log","hostname":"63b1fe10294c","pid":1,"level":30,"version":"5.88.1","msg":"Adding offloaded job to the queue","time":"2024-07-25T08:59:43.460Z","v":0}
{"name":"Log","hostname":"63b1fe10294c","pid":1,"level":30,"version":"5.88.1","msg":"Scheduling job update-check at 10 58 19 * * *. Next run on: Thu Jul 25 2024 19:58:10 GMT+0000 (Coordinated Universal Time)","time":"2024-07-25T08:59:43.462Z","v":0}
{"name":"Log","hostname":"63b1fe10294c","pid":1,"level":30,"version":"5.88.1","msg":"Running milestone emails job on Fri Jul 26 2024 08:59:43 GMT+0000 (Coordinated Universal Time)","time":"2024-07-25T08:59:43.467Z","v":0}
{"name":"Log","hostname":"63b1fe10294c","pid":1,"level":30,"version":"5.88.1","msg":"Ghost URL Service Ready in 3.01s","time":"2024-07-25T08:59:43.566Z","v":0}
{"name":"Log","hostname":"63b1fe10294c","pid":1,"level":30,"version":"5.88.1","msg":"Updating incoming recommendations on boot","time":"2024-07-25T09:03:10.200Z","v":0}
{"name":"Log","hostname":"63b1fe10294c","pid":1,"level":40,"version":"5.88.1","msg":"Ghost is shutting down","time":"2024-07-25T09:04:03.051Z","v":0}
{"name":"Log","hostname":"63b1fe10294c","pid":1,"level":40,"version":"5.88.1","msg":"Ghost has shut down","time":"2024-07-25T09:04:03.053Z","v":0}
{"name":"Log","hostname":"63b1fe10294c","pid":1,"level":40,"version":"5.88.1","msg":"Your site is now offline","time":"2024-07-25T09:04:03.053Z","v":0}
{"name":"Log","hostname":"63b1fe10294c","pid":1,"level":40,"version":"5.88.1","msg":"Ghost was running for 4 minutes","time":"2024-07-25T09:04:03.054Z","v":0}
{"name":"Log","hostname":"54315b897471","pid":1,"level":30,"version":"5.88.1","msg":"Ghost is running in production...","time":"2024-07-25T09:05:20.564Z","v":0}
{"name":"Log","hostname":"54315b897471","pid":1,"level":30,"version":"5.88.1","msg":"Your site is now available on https://192.168.21.196/","time":"2024-07-25T09:05:20.565Z","v":0}
{"name":"Log","hostname":"54315b897471","pid":1,"level":30,"version":"5.88.1","msg":"Ctrl+C to shut down","time":"2024-07-25T09:05:20.566Z","v":0}
{"name":"Log","hostname":"54315b897471","pid":1,"level":30,"version":"5.88.1","msg":"Ghost server started in 0.439s","time":"2024-07-25T09:05:20.568Z","v":0}
{"name":"Log","hostname":"54315b897471","pid":1,"level":30,"version":"5.88.1","msg":"Database is in a ready state.","time":"2024-07-25T09:05:20.700Z","v":0}
{"name":"Log","hostname":"54315b897471","pid":1,"level":30,"version":"5.88.1","msg":"Ghost database ready in 0.578s","time":"2024-07-25T09:05:20.706Z","v":0}
{"name":"Log","hostname":"54315b897471","pid":1,"level":40,"version":"5.88.1","msg":"Missing mail.from config, falling back to a generated email address. Please update your config file and set a valid from address","time":"2024-07-25T09:05:20.880Z","v":0}
{"name":"Log","hostname":"54315b897471","pid":1,"level":30,"version":"5.88.1","msg":"Adding offloaded job to the queue","time":"2024-07-25T09:05:21.922Z","v":0}
{"name":"Log","hostname":"54315b897471","pid":1,"level":30,"version":"5.88.1","msg":"Scheduling job mentions-email-report at 11 32 * * * *. Next run on: Thu Jul 25 2024 09:32:11 GMT+0000 (Coordinated Universal Time)","time":"2024-07-25T09:05:21.933Z","v":0}
{"name":"Log","hostname":"54315b897471","pid":1,"level":30,"version":"5.88.1","msg":"Adding offloaded job to the queue","time":"2024-07-25T09:05:22.192Z","v":0}
{"name":"Log","hostname":"54315b897471","pid":1,"level":30,"version":"5.88.1","msg":"Scheduling job clean-expired-comped at 23 11 3 * * *. Next run on: Fri Jul 26 2024 03:11:23 GMT+0000 (Coordinated Universal Time)","time":"2024-07-25T09:05:22.196Z","v":0}
{"name":"Log","hostname":"54315b897471","pid":1,"level":30,"version":"5.88.1","msg":"Adding offloaded job to the queue","time":"2024-07-25T09:05:22.203Z","v":0}
{"name":"Log","hostname":"54315b897471","pid":1,"level":30,"version":"5.88.1","msg":"Scheduling job clean-tokens at 30 32 5 * * *. Next run on: Fri Jul 26 2024 05:32:30 GMT+0000 (Coordinated Universal Time)","time":"2024-07-25T09:05:22.206Z","v":0}
{"name":"Log","hostname":"54315b897471","pid":1,"level":30,"version":"5.88.1","msg":"Ghost booted in 2.219s","time":"2024-07-25T09:05:22.347Z","v":0}
{"name":"Log","hostname":"54315b897471","pid":1,"level":30,"version":"5.88.1","msg":"Adding offloaded job to the queue","time":"2024-07-25T09:05:22.352Z","v":0}
{"name":"Log","hostname":"54315b897471","pid":1,"level":30,"version":"5.88.1","msg":"Scheduling job update-check at 8 1 10 * * *. Next run on: Thu Jul 25 2024 10:01:08 GMT+0000 (Coordinated Universal Time)","time":"2024-07-25T09:05:22.354Z","v":0}
{"name":"Log","hostname":"54315b897471","pid":1,"level":30,"version":"5.88.1","msg":"Running milestone emails job on Fri Jul 26 2024 09:05:22 GMT+0000 (Coordinated Universal Time)","time":"2024-07-25T09:05:22.359Z","v":0}
{"name":"Log","hostname":"54315b897471","pid":1,"level":30,"version":"5.88.1","msg":"Ghost URL Service Ready in 2.329s","time":"2024-07-25T09:05:22.457Z","v":0}
{"name":"Log","hostname":"54315b897471","pid":1,"level":30,"version":"5.88.1","req":{"meta":{"requestId":"c196a290-8eb1-44ad-8cae-cb1448cd085a","userId":null},"url":"/","method":"GET","originalUrl":"/","params":{},"headers":{"host":"172.16.21.196","x-real-ip":"172.16.21.200","x-forwarded-for":"172.16.21.200","x-forwarded-proto":"http","connection":"close","accept":"text/html, application/xhtml+xml, image/jxr, */*","accept-language":"en-US,en;q=0.7,th;q=0.3","user-agent":"Mozilla/5.0 (Windows NT 10.0; WOW64; Trident/7.0; rv:11.0) like Gecko","accept-encoding":"gzip, deflate","dnt":"1"},"query":{}},"res":{"_headers":{"x-powered-by":"Express","cache-control":"public, max-age=31536000","location":"https://172.16.21.196/","vary":"Accept, Accept-Encoding","content-type":"text/html; charset=utf-8","content-length":"100"},"statusCode":301,"responseTime":"6ms"},"msg":"","time":"2024-07-25T09:05:40.030Z","v":0}
{"name":"Log","hostname":"54315b897471","pid":1,"level":30,"version":"5.88.1","msg":"Updating incoming recommendations on boot","time":"2024-07-25T09:07:47.633Z","v":0}
{"name":"Log","hostname":"54315b897471","pid":1,"level":30,"version":"5.88.1","msg":"[Recommendations] Updating recommendations metadata","time":"2024-07-25T09:09:37.981Z","v":0}
{"name":"Log","hostname":"54315b897471","pid":1,"level":30,"version":"5.88.1","req":{"meta":{"requestId":"57af3d83-e393-4dc5-bd0d-0993072f8daa","userId":null},"url":"/","method":"GET","originalUrl":"/","params":{},"headers":{"host":"ghost:2368","user-agent":"curl/7.88.1","accept":"*/*"},"query":{}},"res":{"_headers":{"x-powered-by":"Express","cache-control":"public, max-age=31536000","location":"https://ghost:2368/","vary":"Accept, Accept-Encoding","content-type":"text/plain; charset=utf-8","content-length":"53"},"statusCode":301,"responseTime":"3ms"},"msg":"","time":"2024-07-25T09:13:07.999Z","v":0}
{"name":"Log","hostname":"54315b897471","pid":1,"level":40,"version":"5.88.1","msg":"Ghost is shutting down","time":"2024-07-25T09:18:23.801Z","v":0}
{"name":"Log","hostname":"54315b897471","pid":1,"level":40,"version":"5.88.1","msg":"Ghost has shut down","time":"2024-07-25T09:18:23.803Z","v":0}
{"name":"Log","hostname":"54315b897471","pid":1,"level":40,"version":"5.88.1","msg":"Your site is now offline","time":"2024-07-25T09:18:23.803Z","v":0}
{"name":"Log","hostname":"54315b897471","pid":1,"level":40,"version":"5.88.1","msg":"Ghost was running for 13 minutes","time":"2024-07-25T09:18:23.804Z","v":0}
{"name":"Log","hostname":"282ef4c476ad","pid":1,"level":30,"version":"5.88.1","msg":"Ghost is running in production...","time":"2024-07-25T09:19:24.963Z","v":0}
{"name":"Log","hostname":"282ef4c476ad","pid":1,"level":30,"version":"5.88.1","msg":"Your site is now available on https://192.168.21.196/","time":"2024-07-25T09:19:24.964Z","v":0}
{"name":"Log","hostname":"282ef4c476ad","pid":1,"level":30,"version":"5.88.1","msg":"Ctrl+C to shut down","time":"2024-07-25T09:19:24.964Z","v":0}
{"name":"Log","hostname":"282ef4c476ad","pid":1,"level":30,"version":"5.88.1","msg":"Ghost server started in 0.471s","time":"2024-07-25T09:19:24.965Z","v":0}
{"name":"Log","hostname":"282ef4c476ad","pid":1,"level":30,"version":"5.88.1","msg":"Database is in a ready state.","time":"2024-07-25T09:19:25.089Z","v":0}
{"name":"Log","hostname":"282ef4c476ad","pid":1,"level":30,"version":"5.88.1","msg":"Ghost database ready in 0.6s","time":"2024-07-25T09:19:25.095Z","v":0}
{"name":"Log","hostname":"282ef4c476ad","pid":1,"level":40,"version":"5.88.1","msg":"Missing mail.from config, falling back to a generated email address. Please update your config file and set a valid from address","time":"2024-07-25T09:19:25.276Z","v":0}
{"name":"Log","hostname":"282ef4c476ad","pid":1,"level":30,"version":"5.88.1","msg":"Adding offloaded job to the queue","time":"2024-07-25T09:19:26.294Z","v":0}
{"name":"Log","hostname":"282ef4c476ad","pid":1,"level":30,"version":"5.88.1","msg":"Scheduling job mentions-email-report at 7 54 * * * *. Next run on: Thu Jul 25 2024 09:54:07 GMT+0000 (Coordinated Universal Time)","time":"2024-07-25T09:19:26.304Z","v":0}
{"name":"Log","hostname":"282ef4c476ad","pid":1,"level":30,"version":"5.88.1","msg":"Adding offloaded job to the queue","time":"2024-07-25T09:19:26.567Z","v":0}
{"name":"Log","hostname":"282ef4c476ad","pid":1,"level":30,"version":"5.88.1","msg":"Scheduling job clean-expired-comped at 2 35 4 * * *. Next run on: Fri Jul 26 2024 04:35:02 GMT+0000 (Coordinated Universal Time)","time":"2024-07-25T09:19:26.570Z","v":0}
{"name":"Log","hostname":"282ef4c476ad","pid":1,"level":30,"version":"5.88.1","msg":"Adding offloaded job to the queue","time":"2024-07-25T09:19:26.574Z","v":0}
{"name":"Log","hostname":"282ef4c476ad","pid":1,"level":30,"version":"5.88.1","msg":"Scheduling job clean-tokens at 36 43 21 * * *. Next run on: Thu Jul 25 2024 21:43:36 GMT+0000 (Coordinated Universal Time)","time":"2024-07-25T09:19:26.579Z","v":0}
{"name":"Log","hostname":"282ef4c476ad","pid":1,"level":30,"version":"5.88.1","msg":"Ghost booted in 2.212s","time":"2024-07-25T09:19:26.706Z","v":0}
{"name":"Log","hostname":"282ef4c476ad","pid":1,"level":30,"version":"5.88.1","msg":"Adding offloaded job to the queue","time":"2024-07-25T09:19:26.711Z","v":0}
{"name":"Log","hostname":"282ef4c476ad","pid":1,"level":30,"version":"5.88.1","msg":"Scheduling job update-check at 29 51 22 * * *. Next run on: Thu Jul 25 2024 22:51:29 GMT+0000 (Coordinated Universal Time)","time":"2024-07-25T09:19:26.713Z","v":0}
{"name":"Log","hostname":"282ef4c476ad","pid":1,"level":30,"version":"5.88.1","msg":"Running milestone emails job on Sun Jul 28 2024 09:19:26 GMT+0000 (Coordinated Universal Time)","time":"2024-07-25T09:19:26.720Z","v":0}
{"name":"Log","hostname":"282ef4c476ad","pid":1,"level":30,"version":"5.88.1","msg":"Ghost URL Service Ready in 2.321s","time":"2024-07-25T09:19:26.816Z","v":0}
{"name":"Log","hostname":"282ef4c476ad","pid":1,"level":40,"version":"5.88.1","msg":"Ghost is shutting down","time":"2024-07-25T09:20:13.733Z","v":0}
{"name":"Log","hostname":"282ef4c476ad","pid":1,"level":40,"version":"5.88.1","msg":"Ghost has shut down","time":"2024-07-25T09:20:13.735Z","v":0}
{"name":"Log","hostname":"282ef4c476ad","pid":1,"level":40,"version":"5.88.1","msg":"Your site is now offline","time":"2024-07-25T09:20:13.735Z","v":0}
{"name":"Log","hostname":"282ef4c476ad","pid":1,"level":40,"version":"5.88.1","msg":"Ghost was running for a minute","time":"2024-07-25T09:20:13.736Z","v":0}
{"name":"Log","hostname":"1d9ed11c33c1","pid":1,"level":30,"version":"5.88.1","msg":"Ghost is running in production...","time":"2024-07-25T09:20:54.142Z","v":0}
{"name":"Log","hostname":"1d9ed11c33c1","pid":1,"level":30,"version":"5.88.1","msg":"Your site is now available on https://192.168.21.196/","time":"2024-07-25T09:20:54.144Z","v":0}
{"name":"Log","hostname":"1d9ed11c33c1","pid":1,"level":30,"version":"5.88.1","msg":"Ctrl+C to shut down","time":"2024-07-25T09:20:54.144Z","v":0}
{"name":"Log","hostname":"1d9ed11c33c1","pid":1,"level":30,"version":"5.88.1","msg":"Ghost server started in 0.457s","time":"2024-07-25T09:20:54.145Z","v":0}
{"name":"Log","hostname":"1d9ed11c33c1","pid":1,"level":30,"version":"5.88.1","msg":"Database is in a ready state.","time":"2024-07-25T09:20:54.277Z","v":0}
{"name":"Log","hostname":"1d9ed11c33c1","pid":1,"level":30,"version":"5.88.1","msg":"Ghost database ready in 0.594s","time":"2024-07-25T09:20:54.283Z","v":0}
{"name":"Log","hostname":"1d9ed11c33c1","pid":1,"level":40,"version":"5.88.1","msg":"Missing mail.from config, falling back to a generated email address. Please update your config file and set a valid from address","time":"2024-07-25T09:20:54.456Z","v":0}
{"name":"Log","hostname":"1d9ed11c33c1","pid":1,"level":30,"version":"5.88.1","msg":"Adding offloaded job to the queue","time":"2024-07-25T09:20:55.493Z","v":0}
{"name":"Log","hostname":"1d9ed11c33c1","pid":1,"level":30,"version":"5.88.1","msg":"Scheduling job mentions-email-report at 17 35 * * * *. Next run on: Thu Jul 25 2024 09:35:17 GMT+0000 (Coordinated Universal Time)","time":"2024-07-25T09:20:55.498Z","v":0}
{"name":"Log","hostname":"1d9ed11c33c1","pid":1,"level":30,"version":"5.88.1","msg":"Adding offloaded job to the queue","time":"2024-07-25T09:20:55.788Z","v":0}
{"name":"Log","hostname":"1d9ed11c33c1","pid":1,"level":30,"version":"5.88.1","msg":"Scheduling job clean-expired-comped at 26 37 4 * * *. Next run on: Fri Jul 26 2024 04:37:26 GMT+0000 (Coordinated Universal Time)","time":"2024-07-25T09:20:55.791Z","v":0}
{"name":"Log","hostname":"1d9ed11c33c1","pid":1,"level":30,"version":"5.88.1","msg":"Adding offloaded job to the queue","time":"2024-07-25T09:20:55.796Z","v":0}
{"name":"Log","hostname":"1d9ed11c33c1","pid":1,"level":30,"version":"5.88.1","msg":"Scheduling job clean-tokens at 40 24 5 * * *. Next run on: Fri Jul 26 2024 05:24:40 GMT+0000 (Coordinated Universal Time)","time":"2024-07-25T09:20:55.798Z","v":0}
{"name":"Log","hostname":"1d9ed11c33c1","pid":1,"level":30,"version":"5.88.1","msg":"Ghost booted in 2.248s","time":"2024-07-25T09:20:55.936Z","v":0}
{"name":"Log","hostname":"1d9ed11c33c1","pid":1,"level":30,"version":"5.88.1","msg":"Adding offloaded job to the queue","time":"2024-07-25T09:20:55.941Z","v":0}
{"name":"Log","hostname":"1d9ed11c33c1","pid":1,"level":30,"version":"5.88.1","msg":"Scheduling job update-check at 40 22 3 * * *. Next run on: Fri Jul 26 2024 03:22:40 GMT+0000 (Coordinated Universal Time)","time":"2024-07-25T09:20:55.943Z","v":0}
{"name":"Log","hostname":"1d9ed11c33c1","pid":1,"level":30,"version":"5.88.1","msg":"Running milestone emails job on Fri Jul 26 2024 09:20:55 GMT+0000 (Coordinated Universal Time)","time":"2024-07-25T09:20:55.949Z","v":0}
{"name":"Log","hostname":"1d9ed11c33c1","pid":1,"level":30,"version":"5.88.1","msg":"Ghost URL Service Ready in 2.358s","time":"2024-07-25T09:20:56.047Z","v":0}
{"name":"Log","hostname":"1d9ed11c33c1","pid":1,"level":40,"version":"5.88.1","msg":"Ghost is shutting down","time":"2024-07-25T09:22:04.524Z","v":0}
{"name":"Log","hostname":"1d9ed11c33c1","pid":1,"level":40,"version":"5.88.1","msg":"Ghost has shut down","time":"2024-07-25T09:22:04.526Z","v":0}
{"name":"Log","hostname":"1d9ed11c33c1","pid":1,"level":40,"version":"5.88.1","msg":"Your site is now offline","time":"2024-07-25T09:22:04.526Z","v":0}
{"name":"Log","hostname":"1d9ed11c33c1","pid":1,"level":40,"version":"5.88.1","msg":"Ghost was running for a minute","time":"2024-07-25T09:22:04.527Z","v":0}
{"name":"Log","hostname":"9964734ca589","pid":1,"level":30,"version":"5.88.1","msg":"Ghost is running in production...","time":"2024-07-25T09:22:30.710Z","v":0}
{"name":"Log","hostname":"9964734ca589","pid":1,"level":30,"version":"5.88.1","msg":"Your site is now available on https://192.168.21.196/","time":"2024-07-25T09:22:30.711Z","v":0}
{"name":"Log","hostname":"9964734ca589","pid":1,"level":30,"version":"5.88.1","msg":"Ctrl+C to shut down","time":"2024-07-25T09:22:30.712Z","v":0}
{"name":"Log","hostname":"9964734ca589","pid":1,"level":30,"version":"5.88.1","msg":"Ghost server started in 0.68s","time":"2024-07-25T09:22:30.713Z","v":0}
{"name":"Log","hostname":"9964734ca589","pid":1,"level":30,"version":"5.88.1","msg":"Database is in a ready state.","time":"2024-07-25T09:22:31.074Z","v":0}
{"name":"Log","hostname":"9964734ca589","pid":1,"level":30,"version":"5.88.1","msg":"Ghost database ready in 1.049s","time":"2024-07-25T09:22:31.082Z","v":0}
{"name":"Log","hostname":"9964734ca589","pid":1,"level":40,"version":"5.88.1","msg":"Missing mail.from config, falling back to a generated email address. Please update your config file and set a valid from address","time":"2024-07-25T09:22:31.652Z","v":0}
{"name":"Log","hostname":"9964734ca589","pid":1,"level":30,"version":"5.88.1","msg":"Adding offloaded job to the queue","time":"2024-07-25T09:22:34.462Z","v":0}
{"name":"Log","hostname":"9964734ca589","pid":1,"level":30,"version":"5.88.1","msg":"Scheduling job mentions-email-report at 56 41 * * * *. Next run on: Thu Jul 25 2024 09:41:56 GMT+0000 (Coordinated Universal Time)","time":"2024-07-25T09:22:34.468Z","v":0}
{"name":"Log","hostname":"9964734ca589","pid":1,"level":30,"version":"5.88.1","msg":"Ghost URL Service Ready in 5.283s","time":"2024-07-25T09:22:35.315Z","v":0}
{"name":"Log","hostname":"9964734ca589","pid":1,"level":30,"version":"5.88.1","msg":"Adding offloaded job to the queue","time":"2024-07-25T09:22:35.324Z","v":0}
{"name":"Log","hostname":"9964734ca589","pid":1,"level":30,"version":"5.88.1","msg":"Scheduling job clean-expired-comped at 27 35 1 * * *. Next run on: Fri Jul 26 2024 01:35:27 GMT+0000 (Coordinated Universal Time)","time":"2024-07-25T09:22:35.326Z","v":0}
{"name":"Log","hostname":"9964734ca589","pid":1,"level":30,"version":"5.88.1","msg":"Adding offloaded job to the queue","time":"2024-07-25T09:22:35.333Z","v":0}
{"name":"Log","hostname":"9964734ca589","pid":1,"level":30,"version":"5.88.1","msg":"Scheduling job clean-tokens at 0 36 9 * * *. Next run on: Thu Jul 25 2024 09:36:00 GMT+0000 (Coordinated Universal Time)","time":"2024-07-25T09:22:35.335Z","v":0}
{"name":"Log","hostname":"9964734ca589","pid":1,"level":30,"version":"5.88.1","msg":"Ghost booted in 5.959s","time":"2024-07-25T09:22:35.991Z","v":0}
{"name":"Log","hostname":"9964734ca589","pid":1,"level":30,"version":"5.88.1","msg":"Adding offloaded job to the queue","time":"2024-07-25T09:22:35.999Z","v":0}
{"name":"Log","hostname":"9964734ca589","pid":1,"level":30,"version":"5.88.1","msg":"Scheduling job update-check at 19 21 20 * * *. Next run on: Thu Jul 25 2024 20:21:19 GMT+0000 (Coordinated Universal Time)","time":"2024-07-25T09:22:36.001Z","v":0}
{"name":"Log","hostname":"9964734ca589","pid":1,"level":30,"version":"5.88.1","msg":"Running milestone emails job on Thu Jul 25 2024 09:22:36 GMT+0000 (Coordinated Universal Time)","time":"2024-07-25T09:22:36.013Z","v":0}
{"name":"Log","hostname":"9964734ca589","pid":1,"level":30,"version":"5.88.1","msg":"Updating incoming recommendations on boot","time":"2024-07-25T09:27:47.316Z","v":0}
{"name":"Log","hostname":"9964734ca589","pid":1,"level":30,"version":"5.88.1","msg":"[Recommendations] Updating recommendations metadata","time":"2024-07-25T09:27:56.916Z","v":0}
{"name":"Log","hostname":"9964734ca589","pid":1,"level":30,"version":"5.88.1","worker":{"resourceLimits":{"maxYoungGenerationSizeMb":33.75,"maxOldGenerationSizeMb":1425.5,"codeRangeSizeMb":0,"stackSizeMb":4},"threadId":1},"msg":"Worker for job \"clean-tokens\" online","time":"2024-07-25T09:36:00.375Z","v":0}
{"name":"Log","hostname":"9964734ca589","pid":1,"level":30,"version":"5.88.1","msg":"Worker for job clean-tokens sent a message: Removed 0 tokens created before 2024-07-24T09:36:00.392Z in 245ms","time":"2024-07-25T09:36:00.638Z","v":0}
{"name":"Log","hostname":"9964734ca589","pid":1,"level":30,"version":"5.88.1","msg":"Worker for job clean-tokens sent a message: done","time":"2024-07-25T09:36:00.639Z","v":0}
{"name":"Log","hostname":"9964734ca589","pid":1,"level":30,"version":"5.88.1","worker":{"resourceLimits":{"maxYoungGenerationSizeMb":33.75,"maxOldGenerationSizeMb":1425.5,"codeRangeSizeMb":0,"stackSizeMb":4},"threadId":2},"msg":"Worker for job \"mentions-email-report\" online","time":"2024-07-25T09:41:56.502Z","v":0}
{"name":"Log","hostname":"9964734ca589","pid":1,"level":30,"version":"5.88.1","msg":"Worker for job mentions-email-report sent a message: done","time":"2024-07-25T09:41:56.510Z","v":0}
{"name":"Log","hostname":"9964734ca589","pid":1,"level":40,"version":"5.88.1","msg":"Ghost is shutting down","time":"2024-07-25T09:49:06.214Z","v":0}
{"name":"Log","hostname":"9964734ca589","pid":1,"level":40,"version":"5.88.1","msg":"Ghost has shut down","time":"2024-07-25T09:49:06.216Z","v":0}
{"name":"Log","hostname":"9964734ca589","pid":1,"level":40,"version":"5.88.1","msg":"Your site is now offline","time":"2024-07-25T09:49:06.216Z","v":0}
{"name":"Log","hostname":"9964734ca589","pid":1,"level":40,"version":"5.88.1","msg":"Ghost was running for 27 minutes","time":"2024-07-25T09:49:06.217Z","v":0}
{"name":"Log","hostname":"a0c7ffec5562","pid":1,"level":30,"version":"5.88.1","msg":"Ghost is running in production...","time":"2024-07-25T09:51:58.002Z","v":0}
{"name":"Log","hostname":"a0c7ffec5562","pid":1,"level":30,"version":"5.88.1","msg":"Your site is now available on https://192.168.21.196/","time":"2024-07-25T09:51:58.004Z","v":0}
{"name":"Log","hostname":"a0c7ffec5562","pid":1,"level":30,"version":"5.88.1","msg":"Ctrl+C to shut down","time":"2024-07-25T09:51:58.004Z","v":0}
{"name":"Log","hostname":"a0c7ffec5562","pid":1,"level":30,"version":"5.88.1","msg":"Ghost server started in 0.488s","time":"2024-07-25T09:51:58.005Z","v":0}
{"name":"Log","hostname":"a0c7ffec5562","pid":1,"level":30,"version":"5.88.1","msg":"Database is in a ready state.","time":"2024-07-25T09:51:58.153Z","v":0}
{"name":"Log","hostname":"a0c7ffec5562","pid":1,"level":30,"version":"5.88.1","msg":"Ghost database ready in 0.641s","time":"2024-07-25T09:51:58.159Z","v":0}
{"name":"Log","hostname":"a0c7ffec5562","pid":1,"level":40,"version":"5.88.1","msg":"Missing mail.from config, falling back to a generated email address. Please update your config file and set a valid from address","time":"2024-07-25T09:51:58.324Z","v":0}
{"name":"Log","hostname":"a0c7ffec5562","pid":1,"level":30,"version":"5.88.1","msg":"Adding offloaded job to the queue","time":"2024-07-25T09:51:59.370Z","v":0}
{"name":"Log","hostname":"a0c7ffec5562","pid":1,"level":30,"version":"5.88.1","msg":"Scheduling job mentions-email-report at 24 37 * * * *. Next run on: Thu Jul 25 2024 10:37:24 GMT+0000 (Coordinated Universal Time)","time":"2024-07-25T09:51:59.378Z","v":0}
{"name":"Log","hostname":"a0c7ffec5562","pid":1,"level":30,"version":"5.88.1","msg":"Adding offloaded job to the queue","time":"2024-07-25T09:51:59.618Z","v":0}
{"name":"Log","hostname":"a0c7ffec5562","pid":1,"level":30,"version":"5.88.1","msg":"Scheduling job clean-expired-comped at 44 25 3 * * *. Next run on: Fri Jul 26 2024 03:25:44 GMT+0000 (Coordinated Universal Time)","time":"2024-07-25T09:51:59.621Z","v":0}
{"name":"Log","hostname":"a0c7ffec5562","pid":1,"level":30,"version":"5.88.1","msg":"Adding offloaded job to the queue","time":"2024-07-25T09:51:59.625Z","v":0}
{"name":"Log","hostname":"a0c7ffec5562","pid":1,"level":30,"version":"5.88.1","msg":"Scheduling job clean-tokens at 55 51 16 * * *. Next run on: Thu Jul 25 2024 16:51:55 GMT+0000 (Coordinated Universal Time)","time":"2024-07-25T09:51:59.630Z","v":0}
{"name":"Log","hostname":"a0c7ffec5562","pid":1,"level":30,"version":"5.88.1","msg":"Ghost booted in 2.254s","time":"2024-07-25T09:51:59.772Z","v":0}
{"name":"Log","hostname":"a0c7ffec5562","pid":1,"level":30,"version":"5.88.1","msg":"Adding offloaded job to the queue","time":"2024-07-25T09:51:59.777Z","v":0}
{"name":"Log","hostname":"a0c7ffec5562","pid":1,"level":30,"version":"5.88.1","msg":"Scheduling job update-check at 13 35 21 * * *. Next run on: Thu Jul 25 2024 21:35:13 GMT+0000 (Coordinated Universal Time)","time":"2024-07-25T09:51:59.779Z","v":0}
{"name":"Log","hostname":"a0c7ffec5562","pid":1,"level":30,"version":"5.88.1","msg":"Running milestone emails job on Sun Jul 28 2024 09:51:59 GMT+0000 (Coordinated Universal Time)","time":"2024-07-25T09:51:59.789Z","v":0}
{"name":"Log","hostname":"a0c7ffec5562","pid":1,"level":30,"version":"5.88.1","msg":"Ghost URL Service Ready in 2.365s","time":"2024-07-25T09:51:59.882Z","v":0}
{"name":"Log","hostname":"a0c7ffec5562","pid":1,"level":30,"version":"5.88.1","req":{"meta":{"requestId":"ccfe9c0b-9415-45a3-bce7-7cd803a4c9b0","userId":null},"url":"/","method":"GET","originalUrl":"/","params":{},"headers":{"host":"172.16.21.196:2368","connection":"keep-alive","cache-control":"max-age=0","upgrade-insecure-requests":"1","user-agent":"Mozilla/5.0 (Windows NT 10.0; Win64; x64) AppleWebKit/537.36 (KHTML, like Gecko) Chrome/126.0.0.0 Safari/537.36 Edg/126.0.0.0","accept":"text/html,application/xhtml+xml,application/xml;q=0.9,image/avif,image/webp,image/apng,*/*;q=0.8,application/signed-exchange;v=b3;q=0.7","accept-encoding":"gzip, deflate","accept-language":"en-US,en;q=0.9"},"query":{}},"res":{"_headers":{"x-powered-by":"Express","cache-control":"public, max-age=31536000","location":"https://172.16.21.196:2368/","vary":"Accept, Accept-Encoding","content-type":"text/html; charset=utf-8","content-length":"110"},"statusCode":301,"responseTime":"7ms"},"msg":"","time":"2024-07-25T09:52:10.117Z","v":0}
{"name":"Log","hostname":"a0c7ffec5562","pid":1,"level":30,"version":"5.88.1","msg":"Updating incoming recommendations on boot","time":"2024-07-25T09:52:21.995Z","v":0}
{"name":"Log","hostname":"a0c7ffec5562","pid":1,"level":30,"version":"5.88.1","msg":"[Recommendations] Updating recommendations metadata","time":"2024-07-25T09:54:34.858Z","v":0}
{"name":"Log","hostname":"a0c7ffec5562","pid":1,"level":30,"version":"5.88.1","req":{"meta":{"requestId":"80fc5f32-c15b-403c-af70-10108c3b7580","userId":null},"url":"/","method":"GET","originalUrl":"/","params":{},"headers":{"host":"172.16.21.196:2368","connection":"keep-alive","upgrade-insecure-requests":"1","user-agent":"Mozilla/5.0 (Windows NT 10.0; Win64; x64) AppleWebKit/537.36 (KHTML, like Gecko) Chrome/126.0.0.0 Safari/537.36","accept":"text/html,application/xhtml+xml,application/xml;q=0.9,image/avif,image/webp,image/apng,*/*;q=0.8,application/signed-exchange;v=b3;q=0.7","accept-encoding":"gzip, deflate","accept-language":"en-US,en;q=0.9"},"query":{}},"res":{"_headers":{"x-powered-by":"Express","cache-control":"public, max-age=31536000","location":"https://172.16.21.196:2368/","vary":"Accept, Accept-Encoding","content-type":"text/html; charset=utf-8","content-length":"110"},"statusCode":301,"responseTime":"3ms"},"msg":"","time":"2024-07-25T09:56:25.947Z","v":0}
{"name":"Log","hostname":"a0c7ffec5562","pid":1,"level":30,"version":"5.88.1","req":{"meta":{"requestId":"7f31f908-f572-4aa1-816e-cfcd940d5400","userId":null},"url":"/","method":"GET","originalUrl":"/","params":{},"headers":{"host":"172.16.21.196:2368","connection":"keep-alive","upgrade-insecure-requests":"1","user-agent":"Mozilla/5.0 (Windows NT 10.0; Win64; x64) AppleWebKit/537.36 (KHTML, like Gecko) Chrome/126.0.0.0 Safari/537.36 Edg/126.0.0.0","accept":"text/html,application/xhtml+xml,application/xml;q=0.9,image/avif,image/webp,image/apng,*/*;q=0.8,application/signed-exchange;v=b3;q=0.7","accept-encoding":"gzip, deflate","accept-language":"en-US,en;q=0.9","if-none-match":"W/\"408f-283DiMaeevOMRmWzXGgeZKQF2TU\""},"query":{}},"res":{"_headers":{"x-powered-by":"Express","cache-control":"public, max-age=31536000","location":"https://172.16.21.196:2368/","vary":"Accept, Accept-Encoding","content-type":"text/html; charset=utf-8","content-length":"110"},"statusCode":301,"responseTime":"1ms"},"msg":"","time":"2024-07-25T09:59:44.702Z","v":0}
{"name":"Log","hostname":"a0c7ffec5562","pid":1,"level":30,"version":"5.88.1","req":{"meta":{"requestId":"fefdece1-94c4-4186-9a72-aa1aa67f7fa3","userId":null},"url":"/","method":"GET","originalUrl":"/","params":{},"headers":{"host":"172.16.21.196:2368","user-agent":"curl/8.7.1","accept":"*/*"},"query":{}},"res":{"_headers":{"x-powered-by":"Express","cache-control":"public, max-age=31536000","location":"https://172.16.21.196:2368/","vary":"Accept, Accept-Encoding","content-type":"text/plain; charset=utf-8","content-length":"61"},"statusCode":301,"responseTime":"2ms"},"msg":"","time":"2024-07-25T10:00:34.194Z","v":0}
{"name":"Log","hostname":"a0c7ffec5562","pid":1,"level":30,"version":"5.88.1","req":{"meta":{"requestId":"1806be88-a7ce-41db-9a8b-a059563eda96","userId":null},"url":"/","method":"GET","originalUrl":"/","params":{},"headers":{"host":"172.16.21.196:2368","connection":"keep-alive","cache-control":"max-age=0","upgrade-insecure-requests":"1","user-agent":"Mozilla/5.0 (Windows NT 10.0; Win64; x64) AppleWebKit/537.36 (KHTML, like Gecko) Chrome/126.0.0.0 Safari/537.36 Edg/126.0.0.0","accept":"text/html,application/xhtml+xml,application/xml;q=0.9,image/avif,image/webp,image/apng,*/*;q=0.8,application/signed-exchange;v=b3;q=0.7","accept-encoding":"gzip, deflate","accept-language":"en-US,en;q=0.9"},"query":{}},"res":{"_headers":{"x-powered-by":"Express","cache-control":"public, max-age=31536000","location":"https://172.16.21.196:2368/","vary":"Accept, Accept-Encoding","content-type":"text/html; charset=utf-8","content-length":"110"},"statusCode":301,"responseTime":"1ms"},"msg":"","time":"2024-07-25T10:01:49.551Z","v":0}
{"name":"Log","hostname":"a0c7ffec5562","pid":1,"level":40,"version":"5.88.1","msg":"Ghost is shutting down","time":"2024-07-25T10:03:43.387Z","v":0}
{"name":"Log","hostname":"a0c7ffec5562","pid":1,"level":40,"version":"5.88.1","msg":"Ghost has shut down","time":"2024-07-25T10:03:43.389Z","v":0}
{"name":"Log","hostname":"a0c7ffec5562","pid":1,"level":40,"version":"5.88.1","msg":"Your site is now offline","time":"2024-07-25T10:03:43.390Z","v":0}
{"name":"Log","hostname":"a0c7ffec5562","pid":1,"level":40,"version":"5.88.1","msg":"Ghost was running for 12 minutes","time":"2024-07-25T10:03:43.390Z","v":0}
{"name":"Log","hostname":"c10f0d076ec0","pid":1,"level":30,"version":"5.88.1","msg":"Ghost is running in production...","time":"2024-07-25T10:10:26.600Z","v":0}
{"name":"Log","hostname":"c10f0d076ec0","pid":1,"level":30,"version":"5.88.1","msg":"Your site is now available on https://192.168.21.196/","time":"2024-07-25T10:10:26.601Z","v":0}
{"name":"Log","hostname":"c10f0d076ec0","pid":1,"level":30,"version":"5.88.1","msg":"Ctrl+C to shut down","time":"2024-07-25T10:10:26.601Z","v":0}
{"name":"Log","hostname":"c10f0d076ec0","pid":1,"level":30,"version":"5.88.1","msg":"Ghost server started in 1.618s","time":"2024-07-25T10:10:26.602Z","v":0}
{"name":"Log","hostname":"c10f0d076ec0","pid":1,"level":30,"version":"5.88.1","msg":"Database is in a ready state.","time":"2024-07-25T10:10:27.050Z","v":0}
{"name":"Log","hostname":"c10f0d076ec0","pid":1,"level":30,"version":"5.88.1","msg":"Ghost database ready in 2.078s","time":"2024-07-25T10:10:27.063Z","v":0}
{"name":"Log","hostname":"c10f0d076ec0","pid":1,"level":40,"version":"5.88.1","msg":"Missing mail.from config, falling back to a generated email address. Please update your config file and set a valid from address","time":"2024-07-25T10:10:27.687Z","v":0}
{"name":"Log","hostname":"c10f0d076ec0","pid":1,"level":30,"version":"5.88.1","msg":"Adding offloaded job to the queue","time":"2024-07-25T10:10:31.338Z","v":0}
{"name":"Log","hostname":"c10f0d076ec0","pid":1,"level":30,"version":"5.88.1","msg":"Scheduling job mentions-email-report at 56 25 * * * *. Next run on: Thu Jul 25 2024 10:25:56 GMT+0000 (Coordinated Universal Time)","time":"2024-07-25T10:10:31.347Z","v":0}
{"name":"Log","hostname":"c10f0d076ec0","pid":1,"level":30,"version":"5.88.1","msg":"Ghost URL Service Ready in 7.539s","time":"2024-07-25T10:10:32.524Z","v":0}
{"name":"Log","hostname":"c10f0d076ec0","pid":1,"level":30,"version":"5.88.1","msg":"Adding offloaded job to the queue","time":"2024-07-25T10:10:32.527Z","v":0}
{"name":"Log","hostname":"c10f0d076ec0","pid":1,"level":30,"version":"5.88.1","msg":"Scheduling job clean-expired-comped at 5 17 1 * * *. Next run on: Fri Jul 26 2024 01:17:05 GMT+0000 (Coordinated Universal Time)","time":"2024-07-25T10:10:32.532Z","v":0}
{"name":"Log","hostname":"c10f0d076ec0","pid":1,"level":30,"version":"5.88.1","msg":"Adding offloaded job to the queue","time":"2024-07-25T10:10:32.539Z","v":0}
{"name":"Log","hostname":"c10f0d076ec0","pid":1,"level":30,"version":"5.88.1","msg":"Scheduling job clean-tokens at 42 3 16 * * *. Next run on: Thu Jul 25 2024 16:03:42 GMT+0000 (Coordinated Universal Time)","time":"2024-07-25T10:10:32.544Z","v":0}
{"name":"Log","hostname":"c10f0d076ec0","pid":1,"level":30,"version":"5.88.1","msg":"Ghost booted in 8.219s","time":"2024-07-25T10:10:33.203Z","v":0}
{"name":"Log","hostname":"c10f0d076ec0","pid":1,"level":30,"version":"5.88.1","msg":"Adding offloaded job to the queue","time":"2024-07-25T10:10:33.212Z","v":0}
{"name":"Log","hostname":"c10f0d076ec0","pid":1,"level":30,"version":"5.88.1","msg":"Scheduling job update-check at 17 52 20 * * *. Next run on: Thu Jul 25 2024 20:52:17 GMT+0000 (Coordinated Universal Time)","time":"2024-07-25T10:10:33.214Z","v":0}
{"name":"Log","hostname":"c10f0d076ec0","pid":1,"level":30,"version":"5.88.1","msg":"Running milestone emails job on Fri Jul 26 2024 10:10:33 GMT+0000 (Coordinated Universal Time)","time":"2024-07-25T10:10:33.223Z","v":0}
{"name":"Log","hostname":"c10f0d076ec0","pid":1,"level":30,"version":"5.88.1","msg":"Updating incoming recommendations on boot","time":"2024-07-25T10:10:59.466Z","v":0}
{"name":"Log","hostname":"c10f0d076ec0","pid":1,"level":30,"version":"5.88.1","msg":"[Recommendations] Updating recommendations metadata","time":"2024-07-25T10:17:21.763Z","v":0}
{"name":"Log","hostname":"c10f0d076ec0","pid":1,"level":30,"version":"5.88.1","req":{"meta":{"requestId":"5af27954-8a47-4312-b707-a88b8a91afd1","userId":null},"url":"/","method":"GET","originalUrl":"/","params":{},"headers":{"host":"172.16.21.196:2368","user-agent":"curl/8.7.1","accept":"*/*"},"query":{}},"res":{"_headers":{"x-powered-by":"Express","cache-control":"public, max-age=31536000","location":"https://172.16.21.196:2368/","vary":"Accept, Accept-Encoding","content-type":"text/plain; charset=utf-8","content-length":"61"},"statusCode":301,"responseTime":"6ms"},"msg":"","time":"2024-07-25T10:18:01.425Z","v":0}
{"name":"Log","hostname":"c10f0d076ec0","pid":1,"level":40,"version":"5.88.1","msg":"Ghost is shutting down","time":"2024-07-25T10:19:27.333Z","v":0}
{"name":"Log","hostname":"c10f0d076ec0","pid":1,"level":40,"version":"5.88.1","msg":"Ghost has shut down","time":"2024-07-25T10:19:27.335Z","v":0}
{"name":"Log","hostname":"c10f0d076ec0","pid":1,"level":40,"version":"5.88.1","msg":"Your site is now offline","time":"2024-07-25T10:19:27.335Z","v":0}
{"name":"Log","hostname":"c10f0d076ec0","pid":1,"level":40,"version":"5.88.1","msg":"Ghost was running for 9 minutes","time":"2024-07-25T10:19:27.336Z","v":0}
{"name":"Log","hostname":"1e0a280849e1","pid":1,"level":30,"version":"5.88.1","msg":"Ghost is running in production...","time":"2024-07-25T10:20:09.507Z","v":0}
{"name":"Log","hostname":"1e0a280849e1","pid":1,"level":30,"version":"5.88.1","msg":"Your site is now available on https://192.168.21.196/","time":"2024-07-25T10:20:09.509Z","v":0}
{"name":"Log","hostname":"1e0a280849e1","pid":1,"level":30,"version":"5.88.1","msg":"Ctrl+C to shut down","time":"2024-07-25T10:20:09.509Z","v":0}
{"name":"Log","hostname":"1e0a280849e1","pid":1,"level":30,"version":"5.88.1","msg":"Ghost server started in 0.492s","time":"2024-07-25T10:20:09.510Z","v":0}
{"name":"Log","hostname":"1e0a280849e1","pid":1,"level":30,"version":"5.88.1","msg":"Database is in a ready state.","time":"2024-07-25T10:20:09.660Z","v":0}
{"name":"Log","hostname":"1e0a280849e1","pid":1,"level":30,"version":"5.88.1","msg":"Ghost database ready in 0.65s","time":"2024-07-25T10:20:09.667Z","v":0}
{"name":"Log","hostname":"1e0a280849e1","pid":1,"level":40,"version":"5.88.1","msg":"Missing mail.from config, falling back to a generated email address. Please update your config file and set a valid from address","time":"2024-07-25T10:20:09.860Z","v":0}
{"name":"Log","hostname":"1e0a280849e1","pid":1,"level":30,"version":"5.88.1","msg":"Adding offloaded job to the queue","time":"2024-07-25T10:20:11.096Z","v":0}
{"name":"Log","hostname":"1e0a280849e1","pid":1,"level":30,"version":"5.88.1","msg":"Scheduling job mentions-email-report at 35 48 * * * *. Next run on: Thu Jul 25 2024 10:48:35 GMT+0000 (Coordinated Universal Time)","time":"2024-07-25T10:20:11.102Z","v":0}
{"name":"Log","hostname":"1e0a280849e1","pid":1,"level":30,"version":"5.88.1","msg":"Adding offloaded job to the queue","time":"2024-07-25T10:20:11.375Z","v":0}
{"name":"Log","hostname":"1e0a280849e1","pid":1,"level":30,"version":"5.88.1","msg":"Scheduling job clean-expired-comped at 53 5 4 * * *. Next run on: Fri Jul 26 2024 04:05:53 GMT+0000 (Coordinated Universal Time)","time":"2024-07-25T10:20:11.378Z","v":0}
{"name":"Log","hostname":"1e0a280849e1","pid":1,"level":30,"version":"5.88.1","msg":"Adding offloaded job to the queue","time":"2024-07-25T10:20:11.386Z","v":0}
{"name":"Log","hostname":"1e0a280849e1","pid":1,"level":30,"version":"5.88.1","msg":"Scheduling job clean-tokens at 39 21 20 * * *. Next run on: Thu Jul 25 2024 20:21:39 GMT+0000 (Coordinated Universal Time)","time":"2024-07-25T10:20:11.388Z","v":0}
{"name":"Log","hostname":"1e0a280849e1","pid":1,"level":30,"version":"5.88.1","msg":"Ghost booted in 2.513s","time":"2024-07-25T10:20:11.530Z","v":0}
{"name":"Log","hostname":"1e0a280849e1","pid":1,"level":30,"version":"5.88.1","msg":"Ghost URL Service Ready in 2.515s","time":"2024-07-25T10:20:11.533Z","v":0}
{"name":"Log","hostname":"1e0a280849e1","pid":1,"level":30,"version":"5.88.1","msg":"Adding offloaded job to the queue","time":"2024-07-25T10:20:11.540Z","v":0}
{"name":"Log","hostname":"1e0a280849e1","pid":1,"level":30,"version":"5.88.1","msg":"Scheduling job update-check at 29 40 18 * * *. Next run on: Thu Jul 25 2024 18:40:29 GMT+0000 (Coordinated Universal Time)","time":"2024-07-25T10:20:11.543Z","v":0}
{"name":"Log","hostname":"1e0a280849e1","pid":1,"level":30,"version":"5.88.1","msg":"Running milestone emails job on Sat Jul 27 2024 10:20:11 GMT+0000 (Coordinated Universal Time)","time":"2024-07-25T10:20:11.549Z","v":0}
{"name":"Log","hostname":"1e0a280849e1","pid":1,"level":30,"version":"5.88.1","req":{"meta":{"requestId":"69b4e278-7108-4ca0-bd81-b37accffbaa3","userId":null},"url":"/","method":"GET","originalUrl":"/","params":{},"headers":{"host":"172.16.21.196:2368","user-agent":"curl/8.7.1","accept":"*/*"},"query":{}},"res":{"_headers":{"x-powered-by":"Express","cache-control":"public, max-age=31536000","location":"https://172.16.21.196:2368/","vary":"Accept, Accept-Encoding","content-type":"text/plain; charset=utf-8","content-length":"61"},"statusCode":301,"responseTime":"6ms"},"msg":"","time":"2024-07-25T10:20:32.129Z","v":0}
{"name":"Log","hostname":"1e0a280849e1","pid":1,"level":30,"version":"5.88.1","req":{"meta":{"requestId":"02e30929-b6bf-4d8c-8857-ecb59883d6bc","userId":null},"url":"/","method":"GET","originalUrl":"/","params":{},"headers":{"host":"172.16.21.196:2368","user-agent":"curl/8.7.1","accept":"*/*"},"query":{}},"res":{"_headers":{"x-powered-by":"Express","cache-control":"public, max-age=31536000","location":"https://172.16.21.196:2368/","vary":"Accept, Accept-Encoding","content-type":"text/plain; charset=utf-8","content-length":"61"},"statusCode":301,"responseTime":"1ms"},"msg":"","time":"2024-07-25T10:20:34.673Z","v":0}
{"name":"Log","hostname":"1e0a280849e1","pid":1,"level":30,"version":"5.88.1","req":{"meta":{"requestId":"7536514f-9850-4283-b655-2f9813b3d42c","userId":null},"url":"/","method":"GET","originalUrl":"/","params":{},"headers":{"host":"172.16.21.196:2368","user-agent":"curl/8.7.1","accept":"*/*"},"query":{}},"res":{"_headers":{"x-powered-by":"Express","cache-control":"public, max-age=31536000","location":"https://172.16.21.196:2368/","vary":"Accept, Accept-Encoding","content-type":"text/plain; charset=utf-8","content-length":"61"},"statusCode":301,"responseTime":"1ms"},"msg":"","time":"2024-07-25T10:20:35.562Z","v":0}
{"name":"Log","hostname":"1e0a280849e1","pid":1,"level":30,"version":"5.88.1","req":{"meta":{"requestId":"2b103609-d3a3-458c-9b22-abf902bd40b5","userId":null},"url":"/","method":"GET","originalUrl":"/","params":{},"headers":{"host":"172.16.21.196:2368","user-agent":"curl/8.7.1","accept":"*/*"},"query":{}},"res":{"_headers":{"x-powered-by":"Express","cache-control":"public, max-age=31536000","location":"https://172.16.21.196:2368/","vary":"Accept, Accept-Encoding","content-type":"text/plain; charset=utf-8","content-length":"61"},"statusCode":301,"responseTime":"1ms"},"msg":"","time":"2024-07-25T10:20:36.194Z","v":0}
{"name":"Log","hostname":"1e0a280849e1","pid":1,"level":30,"version":"5.88.1","req":{"meta":{"requestId":"65280fda-2999-4bd4-bac8-3c72fbbe3988","userId":null},"url":"/","method":"GET","originalUrl":"/","params":{},"headers":{"host":"172.16.21.196:2368","user-agent":"curl/8.7.1","accept":"*/*"},"query":{}},"res":{"_headers":{"x-powered-by":"Express","cache-control":"public, max-age=31536000","location":"https://172.16.21.196:2368/","vary":"Accept, Accept-Encoding","content-type":"text/plain; charset=utf-8","content-length":"61"},"statusCode":301,"responseTime":"0ms"},"msg":"","time":"2024-07-25T10:20:36.764Z","v":0}
{"name":"Log","hostname":"1e0a280849e1","pid":1,"level":40,"version":"5.88.1","msg":"Ghost is shutting down","time":"2024-07-25T10:20:50.681Z","v":0}
{"name":"Log","hostname":"e03de5dc1a98","pid":1,"level":30,"version":"5.88.1","msg":"Ghost is running in production...","time":"2024-07-25T10:22:02.998Z","v":0}
{"name":"Log","hostname":"e03de5dc1a98","pid":1,"level":30,"version":"5.88.1","msg":"Your site is now available on https://192.168.21.196/","time":"2024-07-25T10:22:02.999Z","v":0}
{"name":"Log","hostname":"e03de5dc1a98","pid":1,"level":30,"version":"5.88.1","msg":"Ctrl+C to shut down","time":"2024-07-25T10:22:03.000Z","v":0}
{"name":"Log","hostname":"e03de5dc1a98","pid":1,"level":30,"version":"5.88.1","msg":"Ghost server started in 0.451s","time":"2024-07-25T10:22:03.001Z","v":0}
{"name":"Log","hostname":"e03de5dc1a98","pid":1,"level":30,"version":"5.88.1","msg":"Database is in a ready state.","time":"2024-07-25T10:22:03.132Z","v":0}
{"name":"Log","hostname":"e03de5dc1a98","pid":1,"level":30,"version":"5.88.1","msg":"Ghost database ready in 0.589s","time":"2024-07-25T10:22:03.139Z","v":0}
{"name":"Log","hostname":"e03de5dc1a98","pid":1,"level":40,"version":"5.88.1","msg":"Missing mail.from config, falling back to a generated email address. Please update your config file and set a valid from address","time":"2024-07-25T10:22:03.315Z","v":0}
{"name":"Log","hostname":"e03de5dc1a98","pid":1,"level":30,"version":"5.88.1","msg":"Adding offloaded job to the queue","time":"2024-07-25T10:22:04.396Z","v":0}
{"name":"Log","hostname":"e03de5dc1a98","pid":1,"level":30,"version":"5.88.1","msg":"Scheduling job mentions-email-report at 48 15 * * * *. Next run on: Thu Jul 25 2024 11:15:48 GMT+0000 (Coordinated Universal Time)","time":"2024-07-25T10:22:04.402Z","v":0}
{"name":"Log","hostname":"e03de5dc1a98","pid":1,"level":30,"version":"5.88.1","msg":"Adding offloaded job to the queue","time":"2024-07-25T10:22:04.647Z","v":0}
{"name":"Log","hostname":"e03de5dc1a98","pid":1,"level":30,"version":"5.88.1","msg":"Scheduling job clean-expired-comped at 53 23 5 * * *. Next run on: Fri Jul 26 2024 05:23:53 GMT+0000 (Coordinated Universal Time)","time":"2024-07-25T10:22:04.651Z","v":0}
{"name":"Log","hostname":"e03de5dc1a98","pid":1,"level":30,"version":"5.88.1","msg":"Adding offloaded job to the queue","time":"2024-07-25T10:22:04.659Z","v":0}
{"name":"Log","hostname":"e03de5dc1a98","pid":1,"level":30,"version":"5.88.1","msg":"Scheduling job clean-tokens at 9 28 0 * * *. Next run on: Fri Jul 26 2024 00:28:09 GMT+0000 (Coordinated Universal Time)","time":"2024-07-25T10:22:04.662Z","v":0}
{"name":"Log","hostname":"e03de5dc1a98","pid":1,"level":30,"version":"5.88.1","msg":"Ghost booted in 2.262s","time":"2024-07-25T10:22:04.812Z","v":0}
{"name":"Log","hostname":"e03de5dc1a98","pid":1,"level":30,"version":"5.88.1","msg":"Adding offloaded job to the queue","time":"2024-07-25T10:22:04.821Z","v":0}
{"name":"Log","hostname":"e03de5dc1a98","pid":1,"level":30,"version":"5.88.1","msg":"Scheduling job update-check at 56 6 6 * * *. Next run on: Fri Jul 26 2024 06:06:56 GMT+0000 (Coordinated Universal Time)","time":"2024-07-25T10:22:04.824Z","v":0}
{"name":"Log","hostname":"e03de5dc1a98","pid":1,"level":30,"version":"5.88.1","msg":"Running milestone emails job on Fri Jul 26 2024 10:22:04 GMT+0000 (Coordinated Universal Time)","time":"2024-07-25T10:22:04.829Z","v":0}
{"name":"Log","hostname":"e03de5dc1a98","pid":1,"level":30,"version":"5.88.1","msg":"Ghost URL Service Ready in 2.372s","time":"2024-07-25T10:22:04.921Z","v":0}
{"name":"Log","hostname":"e03de5dc1a98","pid":1,"level":30,"version":"5.88.1","req":{"meta":{"requestId":"7249adff-e626-4cf0-8ac7-dca019f383b2","userId":null},"url":"/","method":"GET","originalUrl":"/","params":{},"headers":{"host":"172.16.21.196:2368","connection":"keep-alive","upgrade-insecure-requests":"1","user-agent":"Mozilla/5.0 (Windows NT 10.0; Win64; x64) AppleWebKit/537.36 (KHTML, like Gecko) Chrome/126.0.0.0 Safari/537.36","accept":"text/html,application/xhtml+xml,application/xml;q=0.9,image/avif,image/webp,image/apng,*/*;q=0.8,application/signed-exchange;v=b3;q=0.7","accept-encoding":"gzip, deflate","accept-language":"en-US,en;q=0.9"},"query":{}},"res":{"_headers":{"x-powered-by":"Express","cache-control":"public, max-age=31536000","location":"https://172.16.21.196:2368/","vary":"Accept, Accept-Encoding","content-type":"text/html; charset=utf-8","content-length":"110"},"statusCode":301,"responseTime":"7ms"},"msg":"","time":"2024-07-25T10:22:27.469Z","v":0}
{"name":"Log","hostname":"e03de5dc1a98","pid":1,"level":30,"version":"5.88.1","req":{"meta":{"requestId":"40033984-e13e-438e-91ed-2502c8443ad6","userId":null},"url":"/","method":"GET","originalUrl":"/","params":{},"headers":{"host":"172.16.21.196","x-real-ip":"172.16.21.200","x-forwarded-for":"172.16.21.200","x-forwarded-proto":"http","connection":"close","upgrade-insecure-requests":"1","user-agent":"Mozilla/5.0 (Windows NT 10.0; Win64; x64) AppleWebKit/537.36 (KHTML, like Gecko) Chrome/126.0.0.0 Safari/537.36","accept":"text/html,application/xhtml+xml,application/xml;q=0.9,image/avif,image/webp,image/apng,*/*;q=0.8,application/signed-exchange;v=b3;q=0.7","accept-encoding":"gzip, deflate","accept-language":"en-US,en;q=0.9"},"query":{}},"res":{"_headers":{"x-powered-by":"Express","cache-control":"public, max-age=31536000","location":"https://172.16.21.196/","vary":"Accept, Accept-Encoding","content-type":"text/html; charset=utf-8","content-length":"100"},"statusCode":301,"responseTime":"2ms"},"msg":"","time":"2024-07-25T10:24:07.571Z","v":0}
{"name":"Log","hostname":"e03de5dc1a98","pid":1,"level":30,"version":"5.88.1","msg":"Updating incoming recommendations on boot","time":"2024-07-25T10:24:22.889Z","v":0}
{"name":"Log","hostname":"e03de5dc1a98","pid":1,"level":40,"version":"5.88.1","msg":"Ghost is shutting down","time":"2024-07-25T10:24:57.124Z","v":0}
{"name":"Log","hostname":"e03de5dc1a98","pid":1,"level":40,"version":"5.88.1","msg":"Ghost has shut down","time":"2024-07-25T10:24:57.126Z","v":0}
{"name":"Log","hostname":"e03de5dc1a98","pid":1,"level":40,"version":"5.88.1","msg":"Your site is now offline","time":"2024-07-25T10:24:57.126Z","v":0}
{"name":"Log","hostname":"e03de5dc1a98","pid":1,"level":40,"version":"5.88.1","msg":"Ghost was running for 3 minutes","time":"2024-07-25T10:24:57.127Z","v":0}
{"name":"Log","hostname":"0f331c2dabe4","pid":1,"level":30,"version":"5.88.1","msg":"Ghost is running in production...","time":"2024-07-25T10:37:10.633Z","v":0}
{"name":"Log","hostname":"0f331c2dabe4","pid":1,"level":30,"version":"5.88.1","msg":"Your site is now available on https://192.168.21.196/","time":"2024-07-25T10:37:10.634Z","v":0}
{"name":"Log","hostname":"0f331c2dabe4","pid":1,"level":30,"version":"5.88.1","msg":"Ctrl+C to shut down","time":"2024-07-25T10:37:10.635Z","v":0}
{"name":"Log","hostname":"0f331c2dabe4","pid":1,"level":30,"version":"5.88.1","msg":"Ghost server started in 1.457s","time":"2024-07-25T10:37:10.636Z","v":0}
{"name":"Log","hostname":"0f331c2dabe4","pid":1,"level":30,"version":"5.88.1","msg":"Database is in a ready state.","time":"2024-07-25T10:37:11.138Z","v":0}
{"name":"Log","hostname":"0f331c2dabe4","pid":1,"level":30,"version":"5.88.1","msg":"Ghost database ready in 1.972s","time":"2024-07-25T10:37:11.151Z","v":0}
{"name":"Log","hostname":"0f331c2dabe4","pid":1,"level":40,"version":"5.88.1","msg":"Missing mail.from config, falling back to a generated email address. Please update your config file and set a valid from address","time":"2024-07-25T10:37:11.842Z","v":0}
{"name":"Log","hostname":"0f331c2dabe4","pid":1,"level":30,"version":"5.88.1","msg":"Adding offloaded job to the queue","time":"2024-07-25T10:37:14.618Z","v":0}
{"name":"Log","hostname":"0f331c2dabe4","pid":1,"level":30,"version":"5.88.1","msg":"Scheduling job mentions-email-report at 6 23 * * * *. Next run on: Thu Jul 25 2024 11:23:06 GMT+0000 (Coordinated Universal Time)","time":"2024-07-25T10:37:14.632Z","v":0}
{"name":"Log","hostname":"0f331c2dabe4","pid":1,"level":30,"version":"5.88.1","msg":"Ghost URL Service Ready in 6.364s","time":"2024-07-25T10:37:15.543Z","v":0}
{"name":"Log","hostname":"0f331c2dabe4","pid":1,"level":30,"version":"5.88.1","msg":"Adding offloaded job to the queue","time":"2024-07-25T10:37:15.546Z","v":0}
{"name":"Log","hostname":"0f331c2dabe4","pid":1,"level":30,"version":"5.88.1","msg":"Scheduling job clean-expired-comped at 5 24 5 * * *. Next run on: Fri Jul 26 2024 05:24:05 GMT+0000 (Coordinated Universal Time)","time":"2024-07-25T10:37:15.550Z","v":0}
{"name":"Log","hostname":"0f331c2dabe4","pid":1,"level":30,"version":"5.88.1","msg":"Adding offloaded job to the queue","time":"2024-07-25T10:37:15.554Z","v":0}
{"name":"Log","hostname":"0f331c2dabe4","pid":1,"level":30,"version":"5.88.1","msg":"Scheduling job clean-tokens at 18 0 2 * * *. Next run on: Fri Jul 26 2024 02:00:18 GMT+0000 (Coordinated Universal Time)","time":"2024-07-25T10:37:15.557Z","v":0}
{"name":"Log","hostname":"0f331c2dabe4","pid":1,"level":30,"version":"5.88.1","msg":"Ghost booted in 7.046s","time":"2024-07-25T10:37:16.225Z","v":0}
{"name":"Log","hostname":"0f331c2dabe4","pid":1,"level":30,"version":"5.88.1","msg":"Adding offloaded job to the queue","time":"2024-07-25T10:37:16.233Z","v":0}
{"name":"Log","hostname":"0f331c2dabe4","pid":1,"level":30,"version":"5.88.1","msg":"Scheduling job update-check at 40 37 9 * * *. Next run on: Fri Jul 26 2024 09:37:40 GMT+0000 (Coordinated Universal Time)","time":"2024-07-25T10:37:16.235Z","v":0}
{"name":"Log","hostname":"0f331c2dabe4","pid":1,"level":30,"version":"5.88.1","msg":"Running milestone emails job on Sun Jul 28 2024 10:37:16 GMT+0000 (Coordinated Universal Time)","time":"2024-07-25T10:37:16.245Z","v":0}
{"name":"Log","hostname":"0f331c2dabe4","pid":1,"level":40,"version":"5.88.1","msg":"Ghost is shutting down","time":"2024-07-25T10:37:26.768Z","v":0}
{"name":"Log","hostname":"0f331c2dabe4","pid":1,"level":40,"version":"5.88.1","msg":"Ghost has shut down","time":"2024-07-25T10:37:26.770Z","v":0}
{"name":"Log","hostname":"0f331c2dabe4","pid":1,"level":40,"version":"5.88.1","msg":"Your site is now offline","time":"2024-07-25T10:37:26.771Z","v":0}
{"name":"Log","hostname":"0f331c2dabe4","pid":1,"level":40,"version":"5.88.1","msg":"Ghost was running for a few seconds","time":"2024-07-25T10:37:26.772Z","v":0}
{"name":"Log","hostname":"54b29bf0024e","pid":1,"level":30,"version":"5.88.1","msg":"Ghost is running in production...","time":"2024-07-25T10:38:06.741Z","v":0}
{"name":"Log","hostname":"54b29bf0024e","pid":1,"level":30,"version":"5.88.1","msg":"Your site is now available on https://192.168.21.196/","time":"2024-07-25T10:38:06.742Z","v":0}
{"name":"Log","hostname":"54b29bf0024e","pid":1,"level":30,"version":"5.88.1","msg":"Ctrl+C to shut down","time":"2024-07-25T10:38:06.742Z","v":0}
{"name":"Log","hostname":"54b29bf0024e","pid":1,"level":30,"version":"5.88.1","msg":"Ghost server started in 0.616s","time":"2024-07-25T10:38:06.743Z","v":0}
{"name":"Log","hostname":"54b29bf0024e","pid":1,"level":30,"version":"5.88.1","msg":"Database is in a ready state.","time":"2024-07-25T10:38:06.871Z","v":0}
{"name":"Log","hostname":"54b29bf0024e","pid":1,"level":30,"version":"5.88.1","msg":"Ghost database ready in 0.75s","time":"2024-07-25T10:38:06.877Z","v":0}
{"name":"Log","hostname":"54b29bf0024e","pid":1,"level":40,"version":"5.88.1","msg":"Missing mail.from config, falling back to a generated email address. Please update your config file and set a valid from address","time":"2024-07-25T10:38:07.044Z","v":0}
{"name":"Log","hostname":"54b29bf0024e","pid":1,"level":30,"version":"5.88.1","msg":"Adding offloaded job to the queue","time":"2024-07-25T10:38:08.192Z","v":0}
{"name":"Log","hostname":"54b29bf0024e","pid":1,"level":30,"version":"5.88.1","msg":"Scheduling job mentions-email-report at 14 16 * * * *. Next run on: Thu Jul 25 2024 11:16:14 GMT+0000 (Coordinated Universal Time)","time":"2024-07-25T10:38:08.201Z","v":0}
{"name":"Log","hostname":"54b29bf0024e","pid":1,"level":30,"version":"5.88.1","msg":"Adding offloaded job to the queue","time":"2024-07-25T10:38:08.475Z","v":0}
{"name":"Log","hostname":"54b29bf0024e","pid":1,"level":30,"version":"5.88.1","msg":"Scheduling job clean-expired-comped at 54 17 1 * * *. Next run on: Fri Jul 26 2024 01:17:54 GMT+0000 (Coordinated Universal Time)","time":"2024-07-25T10:38:08.478Z","v":0}
{"name":"Log","hostname":"54b29bf0024e","pid":1,"level":30,"version":"5.88.1","msg":"Adding offloaded job to the queue","time":"2024-07-25T10:38:08.482Z","v":0}
{"name":"Log","hostname":"54b29bf0024e","pid":1,"level":30,"version":"5.88.1","msg":"Scheduling job clean-tokens at 23 48 22 * * *. Next run on: Thu Jul 25 2024 22:48:23 GMT+0000 (Coordinated Universal Time)","time":"2024-07-25T10:38:08.484Z","v":0}
{"name":"Log","hostname":"54b29bf0024e","pid":1,"level":30,"version":"5.88.1","msg":"Ghost booted in 2.521s","time":"2024-07-25T10:38:08.649Z","v":0}
{"name":"Log","hostname":"54b29bf0024e","pid":1,"level":30,"version":"5.88.1","msg":"Adding offloaded job to the queue","time":"2024-07-25T10:38:08.655Z","v":0}
{"name":"Log","hostname":"54b29bf0024e","pid":1,"level":30,"version":"5.88.1","msg":"Scheduling job update-check at 41 53 2 * * *. Next run on: Fri Jul 26 2024 02:53:41 GMT+0000 (Coordinated Universal Time)","time":"2024-07-25T10:38:08.657Z","v":0}
{"name":"Log","hostname":"54b29bf0024e","pid":1,"level":30,"version":"5.88.1","msg":"Running milestone emails job on Sun Jul 28 2024 10:38:08 GMT+0000 (Coordinated Universal Time)","time":"2024-07-25T10:38:08.663Z","v":0}
{"name":"Log","hostname":"54b29bf0024e","pid":1,"level":30,"version":"5.88.1","msg":"Ghost URL Service Ready in 2.632s","time":"2024-07-25T10:38:08.760Z","v":0}
{"name":"Log","hostname":"54b29bf0024e","pid":1,"level":30,"version":"5.88.1","msg":"Updating incoming recommendations on boot","time":"2024-07-25T10:39:36.800Z","v":0}
{"name":"Log","hostname":"54b29bf0024e","pid":1,"level":30,"version":"5.88.1","msg":"[Recommendations] Updating recommendations metadata","time":"2024-07-25T10:41:46.934Z","v":0}
{"name":"Log","hostname":"54b29bf0024e","pid":1,"level":30,"version":"5.88.1","worker":{"resourceLimits":{"maxYoungGenerationSizeMb":32.25,"maxOldGenerationSizeMb":1366.5,"codeRangeSizeMb":0,"stackSizeMb":4},"threadId":1},"msg":"Worker for job \"mentions-email-report\" online","time":"2024-07-25T11:16:14.246Z","v":0}
{"name":"Log","hostname":"54b29bf0024e","pid":1,"level":30,"version":"5.88.1","msg":"Worker for job mentions-email-report sent a message: done","time":"2024-07-25T11:16:14.251Z","v":0}
{"name":"Log","hostname":"54b29bf0024e","pid":1,"level":30,"version":"5.88.1","worker":{"resourceLimits":{"maxYoungGenerationSizeMb":33.75,"maxOldGenerationSizeMb":1428.5,"codeRangeSizeMb":0,"stackSizeMb":4},"threadId":2},"msg":"Worker for job \"mentions-email-report\" online","time":"2024-07-26T02:18:33.847Z","v":0}
{"name":"Log","hostname":"54b29bf0024e","pid":1,"level":30,"version":"5.88.1","msg":"Worker for job mentions-email-report sent a message: done","time":"2024-07-26T02:18:33.852Z","v":0}
{"name":"Log","hostname":"54b29bf0024e","pid":1,"level":30,"version":"5.88.1","worker":{"resourceLimits":{"maxYoungGenerationSizeMb":33,"maxOldGenerationSizeMb":1395.5,"codeRangeSizeMb":0,"stackSizeMb":4},"threadId":3},"msg":"Worker for job \"mentions-email-report\" online","time":"2024-07-26T03:16:14.846Z","v":0}
{"name":"Log","hostname":"54b29bf0024e","pid":1,"level":30,"version":"5.88.1","msg":"Worker for job mentions-email-report sent a message: done","time":"2024-07-26T03:16:14.850Z","v":0}
{"name":"Log","hostname":"54b29bf0024e","pid":1,"level":30,"version":"5.88.1","worker":{"resourceLimits":{"maxYoungGenerationSizeMb":33,"maxOldGenerationSizeMb":1395.5,"codeRangeSizeMb":0,"stackSizeMb":4},"threadId":4},"msg":"Worker for job \"mentions-email-report\" online","time":"2024-07-26T04:16:14.845Z","v":0}
{"name":"Log","hostname":"54b29bf0024e","pid":1,"level":30,"version":"5.88.1","msg":"Worker for job mentions-email-report sent a message: done","time":"2024-07-26T04:16:14.850Z","v":0}
{"name":"Log","hostname":"54b29bf0024e","pid":1,"level":30,"version":"5.88.1","worker":{"resourceLimits":{"maxYoungGenerationSizeMb":33,"maxOldGenerationSizeMb":1395.5,"codeRangeSizeMb":0,"stackSizeMb":4},"threadId":5},"msg":"Worker for job \"mentions-email-report\" online","time":"2024-07-26T05:16:14.847Z","v":0}
{"name":"Log","hostname":"54b29bf0024e","pid":1,"level":30,"version":"5.88.1","msg":"Worker for job mentions-email-report sent a message: done","time":"2024-07-26T05:16:14.852Z","v":0}
{"name":"Log","hostname":"54b29bf0024e","pid":1,"level":30,"version":"5.88.1","worker":{"resourceLimits":{"maxYoungGenerationSizeMb":33,"maxOldGenerationSizeMb":1395.5,"codeRangeSizeMb":0,"stackSizeMb":4},"threadId":6},"msg":"Worker for job \"mentions-email-report\" online","time":"2024-07-26T06:16:14.852Z","v":0}
{"name":"Log","hostname":"54b29bf0024e","pid":1,"level":30,"version":"5.88.1","msg":"Worker for job mentions-email-report sent a message: done","time":"2024-07-26T06:16:14.856Z","v":0}
{"name":"Log","hostname":"54b29bf0024e","pid":1,"level":30,"version":"5.88.1","worker":{"resourceLimits":{"maxYoungGenerationSizeMb":33,"maxOldGenerationSizeMb":1384.5,"codeRangeSizeMb":0,"stackSizeMb":4},"threadId":7},"msg":"Worker for job \"mentions-email-report\" online","time":"2024-07-26T07:16:14.854Z","v":0}
{"name":"Log","hostname":"54b29bf0024e","pid":1,"level":30,"version":"5.88.1","msg":"Worker for job mentions-email-report sent a message: done","time":"2024-07-26T07:16:14.859Z","v":0}
{"name":"Log","hostname":"54b29bf0024e","pid":1,"level":30,"version":"5.88.1","worker":{"resourceLimits":{"maxYoungGenerationSizeMb":33,"maxOldGenerationSizeMb":1384.5,"codeRangeSizeMb":0,"stackSizeMb":4},"threadId":8},"msg":"Worker for job \"mentions-email-report\" online","time":"2024-07-26T08:16:14.856Z","v":0}
{"name":"Log","hostname":"54b29bf0024e","pid":1,"level":30,"version":"5.88.1","msg":"Worker for job mentions-email-report sent a message: done","time":"2024-07-26T08:16:14.860Z","v":0}
{"name":"Log","hostname":"54b29bf0024e","pid":1,"level":30,"version":"5.88.1","worker":{"resourceLimits":{"maxYoungGenerationSizeMb":33,"maxOldGenerationSizeMb":1384.5,"codeRangeSizeMb":0,"stackSizeMb":4},"threadId":9},"msg":"Worker for job \"mentions-email-report\" online","time":"2024-07-26T09:16:14.864Z","v":0}
{"name":"Log","hostname":"54b29bf0024e","pid":1,"level":30,"version":"5.88.1","msg":"Worker for job mentions-email-report sent a message: done","time":"2024-07-26T09:16:14.869Z","v":0}
{"name":"Log","hostname":"54b29bf0024e","pid":1,"level":40,"version":"5.88.1","msg":"Ghost is shutting down","time":"2024-07-26T09:20:28.126Z","v":0}
{"name":"Log","hostname":"54b29bf0024e","pid":1,"level":40,"version":"5.88.1","msg":"Ghost has shut down","time":"2024-07-26T09:20:28.128Z","v":0}
{"name":"Log","hostname":"54b29bf0024e","pid":1,"level":40,"version":"5.88.1","msg":"Your site is now offline","time":"2024-07-26T09:20:28.128Z","v":0}
{"name":"Log","hostname":"54b29bf0024e","pid":1,"level":40,"version":"5.88.1","msg":"Ghost was running for 9 hours","time":"2024-07-26T09:20:28.129Z","v":0}
